JastrowSlater
ghf
#JastrowPfaffian
complex
epsilon 1.e-6

maxIter 100
stochasticIter 1000
seed 1
#deterministic
#metropolis

#printOpt
lm
direct
stepsizes 0.1 0.01 0.05 0.5 1.0
hDiagShift 0.1
decay 0.65
dTol 1.e-3
cgTol 1.e-3
cgIter 20
CorrSampleFrac 0.35
sgdIter 1

    0    -5.23261844 (3.78e-03)     0.12111086      1.9      1.0     0.26     0.26     0.26 
    1    -5.23375514 (3.67e-03)     0.12361861      1.9      1.0     0.90     1.04     1.29 
    2    -5.31555669 (1.90e-03)     0.08181459      1.6      1.0     1.91     2.08     2.33 
    3    -5.35844161 (1.03e-03)     0.06342147      1.2      1.0     2.94     3.10     3.35 
    4    -5.38101440 (6.73e-04)     0.02748184      1.0      1.0     4.45     4.65     4.90 
    5    -5.38602606 (5.23e-04)     0.01521696      1.1      1.0     5.99     6.18     6.43 
    6    -5.38711388 (4.14e-04)     0.00760655      1.0      1.0     7.54     7.74     7.99 
    7    -5.38771623 (3.78e-04)     0.00655750      1.0      1.0     9.09     9.29     9.54 
    8    -5.38770164 (3.63e-04)     0.00688218      1.0      1.0    10.64    10.84    11.08 
    9    -5.38788635 (3.57e-04)     0.00489420      1.0      1.0    12.18    12.52    12.76 
   10    -5.38804212 (3.48e-04)     0.00484650      1.0      1.0    13.86    14.00    14.24 
   11    -5.38789441 (3.49e-04)     0.00564750      1.0      1.0    15.34    15.50    15.75 
   12    -5.38795361 (3.48e-04)     0.00648830      1.0      1.0    16.84    16.99    17.23 
   13    -5.38836367 (3.44e-04)     0.00549976      1.0      1.0    18.34    18.48    18.72 
   14    -5.38821677 (3.45e-04)     0.00606408      1.0      1.0    19.82    19.94    20.18 
   15    -5.38810543 (3.44e-04)     0.00687280      1.0      1.0    21.30    21.46    21.71 
   16    -5.38804874 (3.39e-04)     0.00528714      1.0      1.0    22.80    22.91    23.16 
   17    -5.38820890 (3.48e-04)     0.00543535      1.0      1.0    24.26    24.40    24.65 
   18    -5.38805310 (3.45e-04)     0.00482899      1.0      1.0    25.76    25.87    26.12 
   19    -5.38834099 (3.39e-04)     0.00436929      1.0      1.0    27.34    27.49    27.77 
   20    -5.38788860 (3.46e-04)     0.00432676      1.0      1.0    28.92    29.05    29.31 
   21    -5.38832176 (3.42e-04)     0.00506703      1.0      1.0    30.42    30.54    30.79 
   22    -5.38838636 (3.44e-04)     0.00523986      1.0      1.0    31.90    32.01    32.26 
   23    -5.38822107 (3.51e-04)     0.02599929      1.0      1.0    33.37    33.57    33.82 
   24    -5.38811653 (3.47e-04)     0.00579166      1.0      1.0    34.95    35.08    35.33 
   25    -5.38836303 (3.35e-04)     0.00436395      1.0      1.0    36.46    36.58    36.83 
   26    -5.38825424 (3.41e-04)     0.00475867      1.0      1.0    37.96    38.08    38.33 
   27    -5.38812113 (3.47e-04)     0.00514837      1.0      1.0    39.45    39.57    39.81 
   28    -5.38825180 (3.44e-04)     0.00593482      1.0      1.0    40.94    41.06    41.31 
   29    -5.38838811 (3.38e-04)     0.00403588      1.0      1.0    42.44    42.55    42.80 
   30    -5.38881616 (3.41e-04)     0.00514588      1.0      1.0    43.93    44.04    44.29 
   31    -5.38829457 (3.48e-04)     0.00546279      1.0      1.0    45.42    45.55    45.79 
   32    -5.38836679 (3.39e-04)     0.00647256      1.0      1.0    46.92    47.08    47.32 
   33    -5.38801214 (3.43e-04)     0.00559931      1.0      1.0    48.44    48.59    48.84 
   34    -5.38843485 (3.42e-04)     0.00505493      1.0      1.0    49.96    50.08    50.32 
   35    -5.38813462 (3.36e-04)     0.00446287      1.0      1.0    51.45    51.55    51.80 
   36    -5.38832609 (3.36e-04)     0.00483595      1.0      1.0    52.93    53.06    53.31 
   37    -5.38850095 (3.38e-04)     0.00424810      1.0      1.0    54.44    54.55    54.80 
   38    -5.38820495 (3.38e-04)     0.00569217      1.0      1.0    55.93    56.04    56.29 
   39    -5.38842662 (3.38e-04)     0.00457745      1.0      1.0    57.55    57.67    57.94 
   40    -5.38785896 (3.42e-04)     0.00619816      1.0      1.0    59.07    59.19    59.45 
   41    -5.38782330 (3.44e-04)     0.00544225      1.0      1.0    60.58    60.70    60.95 
   42    -5.38809556 (3.38e-04)     0.00503453      1.0      1.0    62.07    62.19    62.43 
   43    -5.38861143 (3.41e-04)     0.00532451      1.0      1.0    63.56    63.67    63.92 
   44    -5.38817694 (3.39e-04)     0.00509376      1.0      1.0    65.05    65.17    65.42 
   45    -5.38828343 (3.41e-04)     0.00541439      1.0      1.0    66.55    66.66    66.91 
   46    -5.38797259 (3.42e-04)     0.00488814      1.0      1.0    68.05    68.16    68.41 
   47    -5.38790727 (3.40e-04)     0.00620550      1.0      1.0    69.55    69.65    69.90 
   48    -5.38784247 (3.39e-04)     0.00559035      1.0      1.0    71.04    71.16    71.40 
   49    -5.38844699 (3.39e-04)     0.00570710      1.0      1.0    72.53    72.65    72.90 
   50    -5.38808138 (3.39e-04)     0.00580391      1.0      1.0    74.05    74.17    74.41 
   51    -5.38814257 (3.43e-04)     0.00523951      1.0      1.0    75.55    75.67    75.92 
   52    -5.38866322 (3.36e-04)     0.00581679      1.0      1.0    77.06    77.19    77.44 
   53    -5.38820809 (3.34e-04)     0.00394149      1.0      1.0    78.59    78.71    78.96 
   54    -5.38848582 (3.42e-04)     0.00684627      1.0      1.0    80.11    80.23    80.48 
   55    -5.38853125 (3.36e-04)     0.00576496      1.0      1.0    81.62    81.75    82.00 
   56    -5.38804191 (3.40e-04)     0.00625589      1.0      1.0    83.14    83.27    83.52 
   57    -5.38835985 (3.38e-04)     0.00530986      1.0      1.0    84.66    84.78    85.02 
   58    -5.38777224 (3.40e-04)     0.00464628      1.0      1.0    86.16    86.27    86.52 
   59    -5.38834455 (3.48e-04)     0.00523817      1.0      1.0    87.90    88.03    88.28 
   60    -5.38852111 (3.37e-04)     0.00490699      1.0      1.0    89.42    89.54    89.79 
   61    -5.38865020 (3.39e-04)     0.00540330      1.0      1.0    90.93    91.05    91.30 
   62    -5.38828110 (3.35e-04)     0.00447931      1.0      1.0    92.44    92.57    92.82 
   63    -5.38835699 (3.39e-04)     0.00522863      1.0      1.0    93.96    94.07    94.31 
   64    -5.38802330 (3.40e-04)     0.00504393      1.0      1.0    95.45    95.57    95.81 
   65    -5.38866079 (3.30e-04)     0.00405331      1.0      1.0    96.95    97.07    97.31 
   66    -5.38831978 (3.34e-04)     0.00470040      1.0      1.0    98.46    98.56    98.80 
   67    -5.38855336 (3.37e-04)     0.00474340      1.0      1.0    99.94   100.06   100.31 
   68    -5.38805231 (3.41e-04)     0.00621529      1.0      1.0   101.45   101.57   101.81 
   69    -5.38808482 (3.35e-04)     0.00434515      1.0      1.0   102.95   103.07   103.31 
   70    -5.38798367 (3.35e-04)     0.00463523      1.0      1.0   104.46   104.57   104.82 
   71    -5.38859552 (3.39e-04)     0.00501104      1.0      1.0   105.95   106.06   107.04 
   72    -5.38850613 (3.35e-04)     0.00525287      1.0      1.0   108.50   108.63   108.87 
   73    -5.38790369 (3.39e-04)     0.00627001      1.0      1.0   110.01   110.13   110.38 
   74    -5.38790101 (3.38e-04)     0.00482810      1.0      1.0   111.54   111.66   111.92 
   75    -5.38825820 (3.40e-04)     0.00525029      1.0      1.0   113.06   113.18   113.43 
   76    -5.38799180 (3.38e-04)     0.00589319      1.0      1.0   114.57   114.70   114.94 
   77    -5.38837308 (3.34e-04)     0.00589719      1.0      1.0   116.09   116.21   116.46 
   78    -5.38822698 (3.36e-04)     0.00472626      1.0      1.0   117.77   117.90   118.15 
   79    -5.38827065 (3.33e-04)     0.00529254      1.0      1.0   119.30   119.42   119.67 
   80    -5.38793479 (3.41e-04)     0.00799999      1.0      1.0   120.82   120.97   121.22 
   81    -5.38846525 (3.37e-04)     0.00414699      1.0      1.0   122.36   122.48   122.73 
   82    -5.38797825 (3.34e-04)     0.00452832      1.0      1.0   123.88   124.00   124.24 
   83    -5.38827666 (3.36e-04)     0.00555601      1.0      1.0   125.39   125.51   125.76 
   84    -5.38845197 (3.42e-04)     0.00753274      1.0      1.0   126.91   127.02   127.27 
   85    -5.38881116 (3.38e-04)     0.00447390      1.0      1.0   128.42   128.54   128.78 
   86    -5.38907021 (3.35e-04)     0.00498774      1.0      1.0   129.93   130.06   130.31 
   87    -5.38863762 (3.31e-04)     0.00485883      1.0      1.0   131.45   131.57   131.81 
   88    -5.38839582 (3.35e-04)     0.00528957      1.0      1.0   132.97   133.07   133.32 
   89    -5.38847315 (3.35e-04)     0.00510250      1.0      1.0   134.46   134.58   134.83 
   90    -5.38832485 (3.36e-04)     0.00492291      1.0      1.0   135.98   136.10   136.35 
   91    -5.38811948 (3.32e-04)     0.00422416      1.0      1.0   137.49   137.60   137.85 
   92    -5.38861992 (3.35e-04)     0.00695004      1.0      1.0   139.00   139.11   139.36 
   93    -5.38835361 (3.31e-04)     0.00427513      1.0      1.0   140.50   140.62   140.87 
   94    -5.38822211 (3.37e-04)     0.00683894      1.0      1.0   142.02   142.13   142.38 
   95    -5.38875474 (3.35e-04)     0.00480322      1.0      1.0   143.53   143.65   143.90 
   96    -5.38857630 (3.34e-04)     0.00476287      1.0      1.0   145.05   145.16   145.41 
   97    -5.38792522 (3.33e-04)     0.00481568      1.0      1.0   146.55   146.79   147.11 
   98    -5.38818673 (3.36e-04)     0.00957590      1.0      1.0   148.43   148.57   148.82 
   99    -5.38879990 (3.41e-04)     0.00567515      1.0      1.0   149.97   150.09   150.34 
