JastrowSlater
ghf
complex

epsilon 1.e-6

maxIter 100
stochasticIter 3000

#printOpt
lm
direct
stepsizes 0.1 0.01 0.05 0.5 1.0
hDiagShift 0.1
decay 0.65
dTol 1.e-3
cgTol 1.e-2
cgIter 20
CorrSampleFrac 0.35
sgdIter 1



seed 1
#restart
#debug

    0   -10.44790563 (5.45e-03)     0.75629784      6.0      1.0     1.60     1.60     1.60 
    1   -10.46156739 (5.51e-03)     0.31812440      6.8      1.0     8.79    10.94    13.24 
    2   -10.61806875 (2.61e-03)     0.14717875      4.7      1.0    19.56    22.45    24.75 
    3   -10.63499703 (2.75e-03)     0.14014997      5.6      1.0    33.07    34.91    37.18 
    4   -10.68274141 (2.79e-03)     0.13984544      9.7      1.0    44.36    47.03    49.27 
    5   -10.70915221 (1.76e-03)     0.12831298      5.9      1.0    54.09    56.57    58.86 
    6   -10.72058600 (1.62e-03)     0.11997286      5.6      1.0    66.03    70.82    73.10 
    7   -10.74021405 (1.12e-03)     0.10456097      3.4      1.0    80.25    83.84    86.12 
    8   -10.74794682 (1.48e-03)     0.09863787      4.8      1.0    99.20   105.04   107.36 
    9   -10.76258266 (6.62e-04)     0.05256710      2.4      1.0   115.76   118.60   120.89 
   10   -10.76469227 (6.39e-04)     0.04179778      2.6      1.0   140.35   145.47   147.79 
   11   -10.76533474 (5.66e-04)     0.03402219      2.2      1.0   160.93   162.81   165.34 
   12   -10.76442939 (6.18e-04)     0.03061219      2.7      1.0   184.76   187.63   189.98 
   13   -10.76548289 (5.39e-04)     0.03245428      2.3      1.0   203.26   205.94   208.24 
   14   -10.76371012 (9.45e-04)     0.04575857      5.7      1.0   227.67   233.26   235.56 
   15   -10.76521266 (6.87e-04)     0.04959020      3.5      1.0   242.78   244.56   246.84 
   16   -10.76706797 (5.05e-04)     0.04291566      2.1      1.0   257.03   259.95   262.24 
   17   -10.76610921 (5.78e-04)     0.03483198      2.7      1.0   281.57   284.63   287.01 
   18   -10.76709687 (5.20e-04)     0.04916141      2.3      1.0   300.15   302.34   304.62 
   19   -10.76594597 (6.05e-04)     0.03036400      3.0      1.0   324.01   327.52   329.80 
   20   -10.76770678 (4.91e-04)     0.04004131      2.2      1.0   342.90   345.19   347.50 
   21   -10.76737841 (4.58e-04)     0.04973067      2.0      1.0   367.08   369.55   371.89 
   22   -10.76596848 (6.91e-04)     0.06505252      3.7      1.0   391.32   396.21   398.52 
   23   -10.76651522 (5.41e-04)     0.07555264      2.5      1.0   408.78   410.70   413.03 
   24   -10.76722205 (5.12e-04)     0.02247980      2.4      1.0   432.40   435.41   437.74 
   25   -10.76800055 (4.62e-04)     0.02291416      2.1      1.0   457.10   462.07   464.45 
   26   -10.76820236 (4.92e-04)     0.03512132      2.2      1.0   483.92   486.12   488.41 
   27   -10.76780203 (4.81e-04)     0.05197595      2.2      1.0   507.86   511.29   513.60 
   28   -10.76747845 (5.16e-04)     0.03322387      2.4      1.0   533.02   538.10   540.42 
   29   -10.76771517 (4.89e-04)     0.03133505      2.2      1.0   559.85   561.57   563.89 
   30   -10.76698548 (5.34e-04)     0.03429580      2.5      1.0   583.26   585.30   587.61 
   31   -10.76792642 (4.34e-04)     0.07607873      1.9      1.0   600.78   602.09   604.38 
   32   -10.76756101 (4.63e-04)     0.04047343      2.0      1.0   623.82   626.47   628.74 
   33   -10.76832283 (4.45e-04)     0.02853673      1.9      1.0   648.14   650.07   652.38 
   34   -10.76739937 (4.41e-04)     0.02400902      1.9      1.0   672.10   675.01   677.35 
   35   -10.76754882 (4.48e-04)     0.02110371      1.9      1.0   696.70   698.19   700.52 
   36   -10.76774370 (4.55e-04)     0.02023110      2.0      1.0   719.96   721.04   723.37 
   37   -10.76741096 (4.96e-04)     0.02744650      2.3      1.0   742.81   746.80   749.17 
   38   -10.76762604 (5.23e-04)     0.02938889      2.6      1.0   768.63   771.92   774.38 
   39   -10.76843340 (4.40e-04)     0.02136952      1.9      1.0   787.67   788.61   791.11 
   40   -10.76813908 (4.73e-04)     0.02263789      2.2      1.0   810.58   812.53   815.05 
   41   -10.76757809 (4.51e-04)     0.02092748      2.1      1.0   834.67   837.03   839.50 
   42   -10.76800984 (4.63e-04)     0.02188463      2.0      1.0   859.02   860.85   863.34 
   43   -10.76758869 (4.55e-04)     0.02407857      2.1      1.0   882.78   885.64   888.04 
   44   -10.76762537 (4.40e-04)     0.04046565      2.0      1.0   907.46   909.24   911.85 
   45   -10.76719122 (4.66e-04)     0.03302041      2.1      1.0   931.32   934.71   937.17 
   46   -10.76776464 (4.78e-04)     0.02184354      2.2      1.0   957.10   959.03   961.40 
   47   -10.76794497 (4.53e-04)     0.02106319      2.0      1.0   980.89   982.00   984.39 
   48   -10.76760134 (4.70e-04)     0.02109443      2.2      1.0  1003.92  1007.14  1009.69 
   49   -10.76780064 (4.41e-04)     0.02163887      1.9      1.0  1029.21  1030.62  1033.06 
   50   -10.76773827 (4.42e-04)     0.02060916      2.0      1.0  1052.58  1053.88  1056.36 
   51   -10.76796857 (4.58e-04)     0.01499383      2.1      1.0  1075.91  1077.55  1080.04 
   52   -10.76741113 (4.50e-04)     0.01926849      2.0      1.0  1099.61  1101.44  1103.92 
   53   -10.76771866 (4.45e-04)     0.02275996      2.0      1.0  1123.37  1126.62  1129.15 
   54   -10.76751358 (4.53e-04)     0.02086365      2.0      1.0  1148.68  1150.12  1152.58 
   55   -10.76861888 (4.76e-04)     0.02412086      2.2      1.0  1172.13  1173.40  1175.84 
   56   -10.76884471 (4.48e-04)     0.01561964      2.0      1.0  1195.38  1197.03  1199.57 
   57   -10.76825375 (4.35e-04)     0.01745885      1.9      1.0  1219.13  1223.49  1225.97 
   58   -10.76845508 (4.34e-04)     0.01685721      2.0      1.0  1245.49  1248.64  1251.05 
   59   -10.76819653 (4.56e-04)     0.02380711      2.1      1.0  1270.80  1271.91  1274.42 
   60   -10.76765653 (4.53e-04)     0.01997868      2.1      1.0  1294.05  1295.18  1297.61 
   61   -10.76694814 (6.04e-04)     0.03946203      3.2      1.0  1317.17  1321.89  1324.29 
   62   -10.76723982 (5.78e-04)     0.03501499      3.0      1.0  1337.62  1344.91  1347.28 
   63   -10.76840550 (4.54e-04)     0.02041833      2.1      1.0  1360.56  1362.22  1364.72 
   64   -10.76784936 (4.54e-04)     0.02793307      2.1      1.0  1384.26  1387.17  1389.63 
   65   -10.76801774 (4.49e-04)     0.02951208      2.1      1.0  1409.24  1411.10  1413.55 
   66   -10.76747754 (4.57e-04)     0.02089747      2.0      1.0  1433.15  1435.91  1438.52 
   67   -10.76789596 (4.53e-04)     0.02322517      2.1      1.0  1458.10  1459.40  1461.86 
   68   -10.76810038 (4.65e-04)     0.03051735      2.1      1.0  1481.42  1483.81  1486.42 
   69   -10.76809694 (4.52e-04)     0.02202923      2.0      1.0  1505.96  1508.12  1510.71 
   70   -10.76719658 (4.74e-04)     0.40456556      1.9      1.0  1530.30  1538.62  1541.16 
   71   -10.76802273 (4.44e-04)     0.02055626      1.9      1.0  1561.20  1563.51  1566.00 
   72   -10.76764477 (4.41e-04)     0.01845123      2.0      1.0  1585.65  1587.50  1589.97 
   73   -10.76788278 (4.76e-04)     0.02066988      2.2      1.0  1609.52  1612.59  1615.10 
   74   -10.76818205 (4.88e-04)     0.03307508      2.3      1.0  1634.65  1638.03  1640.51 
   75   -10.76808937 (4.42e-04)     0.01935951      2.0      1.0  1660.04  1662.59  1665.21 
   76   -10.76787565 (4.77e-04)     0.01959111      2.3      1.0  1684.76  1687.50  1690.00 
   77   -10.76798675 (5.18e-04)     0.02101677      2.7      1.0  1709.50  1710.99  1713.35 
   78   -10.76826372 (4.51e-04)     0.04188468      2.0      1.0  1726.68  1729.69  1732.08 
   79   -10.76802890 (4.54e-04)     0.02426159      2.1      1.0  1751.63  1753.05  1755.55 
   80   -10.76840971 (4.53e-04)     0.03906074      2.0      1.0  1775.05  1782.94  1785.45 
   81   -10.76837300 (4.57e-04)     0.04287997      2.0      1.0  1804.94  1807.50  1809.89 
   82   -10.76808588 (4.38e-04)     0.01249854      2.0      1.0  1829.40  1831.00  1833.39 
   83   -10.76839176 (4.79e-04)     0.02673211      2.3      1.0  1852.98  1857.43  1859.76 
   84   -10.76875756 (4.45e-04)     0.02111762      2.0      1.0  1879.27  1880.74  1883.10 
   85   -10.76756577 (4.59e-04)     0.02220663      2.1      1.0  1902.51  1904.06  1906.52 
   86   -10.76719408 (5.41e-04)     0.02723873      2.7      1.0  1925.99  1928.66  1931.03 
   87   -10.76740538 (4.46e-04)     0.06268306      2.0      1.0  1944.30  1948.13  1950.51 
   88   -10.76756490 (4.50e-04)     0.01721226      2.0      1.0  1970.10  1971.37  1973.74 
   89   -10.76827606 (4.41e-04)     0.02316439      2.0      1.0  1993.27  1994.89  1997.36 
   90   -10.76762337 (4.19e-04)     0.02011456      1.8      1.0  2016.85  2021.33  2023.82 
   91   -10.76781636 (4.48e-04)     0.02604112      2.0      1.0  2043.43  2044.92  2047.39 
   92   -10.76884246 (4.47e-04)     0.01371783      2.1      1.0  2066.95  2067.88  2070.31 
   93   -10.76807806 (4.73e-04)     0.02551829      2.2      1.0  2089.85  2094.22  2096.69 
   94   -10.76751785 (5.94e-04)     0.02626428      3.2      1.0  2116.26  2117.74  2120.17 
   95   -10.76818413 (4.41e-04)     0.02964429      2.0      1.0  2133.41  2135.49  2137.89 
   96   -10.76819703 (4.43e-04)     0.14321477      2.0      1.0  2157.84  2163.04  2165.46 
   97   -10.76813765 (4.56e-04)     0.03175203      2.0      1.0  2184.98  2186.76  2189.13 
   98   -10.76766427 (4.36e-04)     0.01458647      2.0      1.0  2208.64  2212.39  2214.77 
   99   -10.76872460 (4.39e-04)     0.01702256      2.0      1.0  2234.28  2235.98  2238.52 
