2 in bits: 0000000000000000000000000000000000000000000000000000000000000010
-2 in bits: 1111111111111111111111111111111111111111111111111111111111111110
194982 in bits: 0000000000000000000000000000000000000000000000101111100110100110
-194982 in bits: 1111111111111111111111111111111111111111111111010000011001011010
194982 xor -194982: 0000000000000000000000000000000000000000000000000000000000000010
194982 xor (194982 and -194982):0000000000000000000000000000000000000000000000101111100110100100
__builtin_ctzl(194982) = 1
Determinant
set orbital 3alpha
0
1
1 | 0 0 0 a   0 0 0 0   >

Hartree Fock
1 | 0 0 0 0   0 0 0 0   >
1 | 2 2 2 2   2 0 0 0   >
Overlap
1 1

save and write
1 | 2 2 2 2   2 0 0 0   >

Count set orbs and parity
6
1
7
-1

3 | 2 2 2 2   2 0 0 0   >

1.5 | 2 2 2 2   2 0 0 0   >
6 | 2 2 2 2   2 0 0 0   >
3
9


LadderOperators
1 | 2 2 2 2   2 0 0 0   >
-1 | a 2 2 2   2 0 0 0   >
1 | a 2 2 2   2 0 0 a   >
NumberOperators
1 | 2 2 2 2   2 0 0 0   >
10 | 2 2 2 2   2 0 0 0   >
ExcitationOperators
Single Excitation
D 1 | 2 2 2 2   2 0 0 0   >
L -1 | 2 2 2 2   b b 0 0   >
8 11
Double Excitation
D 1 | 2 2 2 2   2 0 0 0   >
L 1 | 2 2 2 b   b b 0 b   >
6 8 11 15

FCI-vector

alpha comb
6

01
02
03
12
13
23

beta comb
4

012
013
023
123

3136
generating connected determinants
561


CID with direct Davidson
hf det and energy
-128.474 | 2 2 2 2   2 0 0 0   0 >
size of fock space: 521
1
-128.474
2
-128.584
3
-128.586
4
-128.586
number of iterations: 4


Ground state Energy: -128.586
residual: 0.000699307
Compactness of Hamiltonian: 0.0144451
-0.0128255 | 2 2 2 2   0 0 0 0   2 >
-0.00433165 | 2 2 2 2   0 0 0 2   0 >
-0.00433305 | 2 2 2 2   0 0 2 0   0 >
-0.0406555 | 2 2 2 2   0 2 0 0   0 >
-0.00714555 | 2 2 2 a   b b 0 a   0 >
-0.00714555 | 2 2 a 2   b b a 0   0 >
0.0292011 | 2 2 a 2   b a b 0   0 >
0.0115081 | 2 a 2 2   b b 0 0   a >
0.0292012 | 2 2 2 b   a b 0 a   0 >
-0.00714555 | 2 2 2 b   a a 0 b   0 >
-0.040655 | 2 2 2 0   2 0 0 2   0 >
-0.00433305 | 2 2 2 0   2 0 2 0   0 >
-0.00433199 | 2 2 2 0   2 2 0 0   0 >
-0.0221229 | 2 2 a 2   a b b 0   0 >
0.011508 | 2 a b 2   2 0 b 0   a >
-0.0010824 | b 2 b 2   2 0 a 0   a >
0.0121021 | 2 a a 2   2 0 b 0   b >
-0.029201 | 2 2 a b   2 0 b a   0 >
-0.0128255 | 2 2 0 2   2 0 0 0   2 >
0.0114899 | 2 b 2 2   a a 0 0   b >
-0.00714555 | 2 2 b 2   a a b 0   0 >
-0.022123 | 2 2 2 a   a b 0 b   0 >
0.0292015 | 2 2 b 2   a b a 0   0 >
0.0114897 | 2 b a 2   2 0 a 0   b >
0.0221229 | 2 2 b b   2 0 a a   0 >
0.0221229 | 2 2 a a   2 0 b b   0 >
-0.0235604 | 2 a 2 2   b a 0 0   b >
-0.00109197 | a 2 a 2   2 0 b 0   b >
0.0121024 | 2 b 2 b   2 0 0 a   a >
-0.00108253 | a 2 2 a   2 0 0 b   b >
-0.00773814 | 2 0 2 2   2 2 0 0   0 >
-0.00108255 | a 2 2 2   a b 0 0   b >
0.01149 | 2 b 2 a   2 0 0 a   b >
0.0115081 | 2 a 2 b   2 0 0 b   a >
0.990226 | 2 2 2 2   2 0 0 0   0 >
-0.0292015 | 2 2 b a   2 0 a b   0 >
0.0121025 | 2 b 2 2   b a 0 0   a >
-0.00109178 | b 2 2 2   b a 0 0   a >
-0.022123 | 2 2 b 2   b a a 0   0 >
-0.0235612 | 2 b 2 2   a b 0 0   a >
-0.0221228 | 2 2 2 b   b a 0 a   0 >
-0.00106712 | 0 2 2 2   2 0 0 0   2 >
0.0120962 | 2 b b 2   2 0 a 0   a >
0.0120964 | 2 a 2 a   2 0 0 b   b >
0.0292013 | 2 2 2 a   b a 0 b   0 >
-0.00772599 | 2 0 2 2   2 0 2 0   0 >
-0.00773785 | 2 0 2 2   2 0 0 2   0 >
-0.0181426 | 2 0 2 2   2 0 0 0   2 >
-0.0235605 | 2 b a 2   2 0 b 0   a >
-0.0128255 | 2 2 2 0   2 0 0 0   2 >
0.0120963 | 2 a 2 2   a b 0 0   b >
-0.0235612 | 2 b 2 a   2 0 0 b   a >
-0.00109172 | b 2 2 b   2 0 0 a   a >
-0.023561 | 2 a b 2   2 0 a 0   b >
-0.00433199 | 2 2 0 2   2 2 0 0   0 >
-0.0406564 | 2 2 0 2   2 0 2 0   0 >
-0.00433165 | 2 2 0 2   2 0 0 2   0 >
0.00714555 | 2 2 b a   2 0 b a   0 >
-0.0235613 | 2 a 2 b   2 0 0 a   b >
0.00714555 | 2 2 a b   2 0 a b   0 >

total time: 1

Correlation energy
-0.11191
Davdison correction
-0.002177

CISD with direct Davidson
hf det and energy
-128.474 | 2 2 2 2   2 0 0 0   0 >
size of fock space: 561
1
-128.474
2
-128.584
3
-128.586
4
-128.586
number of iterations: 4


Ground state Energy: -128.586
residual: 0.00195517
Compactness of Hamiltonian: 0.0172248
-0.0128566 | 2 2 2 2   0 0 0 0   2 >
-0.00437647 | 2 2 2 2   0 0 0 2   0 >
-0.00436588 | 2 2 2 2   0 0 2 0   0 >
-0.0408282 | 2 2 2 2   0 2 0 0   0 >
-0.00716964 | 2 2 2 a   b b 0 a   0 >
-0.00713283 | 2 2 a 2   b b a 0   0 >
0.0292456 | 2 2 a 2   b a b 0   0 >
0.0115502 | 2 a 2 2   b b 0 0   a >
0.0293328 | 2 2 2 b   a b 0 a   0 >
-0.00711583 | 2 2 2 b   a a 0 b   0 >
-0.0406436 | 2 2 2 0   2 0 0 2   0 >
-0.00442026 | 2 2 2 0   2 2 0 0   0 >
-0.0292541 | 2 2 a b   2 0 b a   0 >
0.00709476 | 2 2 a b   2 0 a b   0 >
0.0114795 | 2 a 2 b   2 0 0 b   a >
-0.0236371 | 2 a 2 b   2 0 0 a   b >
-0.0010859 | b 2 b 2   2 0 a 0   a >
-0.0222357 | 2 2 a 2   a b b 0   0 >
0.0115318 | 2 b 2 2   a a 0 0   b >
0.0121669 | 2 b 2 b   2 0 0 a   a >
-0.0222524 | 2 2 2 b   b a 0 a   0 >
-0.00106479 | 0 2 2 2   2 0 0 0   2 >
-0.0236311 | 2 a 2 2   b a 0 0   b >
-0.00714453 | 2 2 b 2   a a b 0   0 >
-0.00108205 | b 2 2 2   b a 0 0   a >
0.0121564 | 2 b 2 2   b a 0 0   a >
0.0292085 | 2 2 b 2   a b a 0   0 >
-0.0236503 | 2 b 2 2   a b 0 0   a >
-0.0221444 | 2 2 b 2   b a a 0   0 >
0.00356629 | 2 2 b 2   2 0 a 0   0 >
-0.00346123 | 2 2 2 a   2 0 0 b   0 >
0.0114982 | 2 b a 2   2 0 a 0   b >
-0.00499423 | 2 2 2 b   2 0 0 a   0 >
0.990136 | 2 2 2 2   2 0 0 0   0 >
-0.00437777 | 2 2 2 0   2 0 2 0   0 >
0.0121355 | 2 a a 2   2 0 b 0   b >
0.0221787 | 2 2 a a   2 0 b b   0 >
0.0220744 | 2 2 b b   2 0 a a   0 >
-0.00785926 | 2 0 2 2   2 2 0 0   0 >
-0.00108241 | a 2 2 2   a b 0 0   b >
0.0115712 | 2 b 2 a   2 0 0 a   b >
-0.00109501 | a 2 a 2   2 0 b 0   b >
-0.0292227 | 2 2 b a   2 0 a b   0 >
0.00716027 | 2 2 b a   2 0 b a   0 >
0.0121383 | 2 b b 2   2 0 a 0   a >
-0.022247 | 2 2 2 a   a b 0 b   0 >
0.012143 | 2 a 2 a   2 0 0 b   b >
0.0115244 | 2 a b 2   2 0 b 0   a >
-0.00109343 | a 2 2 a   2 0 0 b   b >
-0.0128754 | 2 2 0 2   2 0 0 0   2 >
-0.00409421 | 2 2 2 2   b a 0 0   0 >
0.0291071 | 2 2 2 a   b a 0 b   0 >
-0.00774832 | 2 0 2 2   2 0 2 0   0 >
-0.00777307 | 2 0 2 2   2 0 0 2   0 >
-0.0181363 | 2 0 2 2   2 0 0 0   2 >
-0.0235512 | 2 b a 2   2 0 b 0   a >
-0.0128709 | 2 2 2 0   2 0 0 0   2 >
0.012174 | 2 a 2 2   a b 0 0   b >
-0.0236069 | 2 b 2 a   2 0 0 b   a >
-0.00109497 | b 2 2 b   2 0 0 a   a >
0.00633677 | 2 2 2 2   a b 0 0   0 >
-0.0235972 | 2 a b 2   2 0 a 0   b >
-0.00442424 | 2 2 0 2   2 2 0 0   0 >
-0.0406035 | 2 2 0 2   2 0 2 0   0 >
-0.00439234 | 2 2 0 2   2 0 0 2   0 >

total time: 0

Correlation energy
-0.112135
Davdison correction
-0.00220131

FCI with direct Davidson
hf det and energy
-128.474 | 2 2 2 2   2 0 0 0   0 >
size of fock space: 15876
1
-128.474
2
-128.584
3
-128.59
4
-128.59
5
-128.59
number of iterations: 5


Ground state Energy: -128.59
residual: 0.0020117
Compactness of Hamiltonian: 0.00132275
0.00142865 | 2 0 b 2   a b a 0   2 >
-0.00193905 | 2 b b a   a b a b   a >
-0.011688 | 2 a 2 2   b b 0 0   a >
-0.00218655 | 2 a 2 b   0 2 0 a   b >
-0.00229677 | 2 a 2 0   b a 0 2   b >
0.00265632 | 2 2 2 b   0 2 0 a   0 >
0.00168085 | 2 b 2 b   0 2 0 a   a >
-0.0128162 | 2 b b 2   2 0 a 0   a >
0.00144245 | 2 b a b   b a b a   a >
-0.00192904 | 2 b a b   a b b a   a >
-0.0125837 | 2 b 2 b   2 0 0 a   a >
-0.0229336 | 2 2 b b   2 0 a a   0 >
0.00166281 | 2 a b a   2 0 a b   b >
0.00442155 | 2 2 2 0   2 2 0 0   0 >
-0.00199774 | 2 b a a   b a b b   a >
-0.0023382 | 2 b a 2   0 2 b 0   a >
-0.00289589 | 2 a 2 2   2 0 0 0   b >
-0.00110895 | 2 0 a 2   a b b 0   2 >
-0.00107871 | 2 0 2 a   a b 0 b   2 >
-0.00108298 | 2 0 2 a   2 0 0 b   2 >
0.0017245 | 2 b a a   a b b b   a >
-0.00166176 | 2 b 2 a   a b 0 b   a >
0.0242872 | 2 b 2 a   2 0 0 b   a >
0.00775122 | 2 0 2 2   2 0 0 2   0 >
0.00190801 | 2 2 0 b   2 0 2 a   0 >
-0.00129242 | 2 a a a   2 0 b b   b >
-0.0116663 | 2 b a 2   2 0 a 0   b >
0.0243106 | 2 b 2 2   a b 0 0   a >
0.00786325 | 2 0 2 2   2 2 0 0   0 >
-0.0116676 | 2 a 2 b   2 0 0 b   a >
-0.0116891 | 2 b 2 2   a a 0 0   b >
0.00503232 | 2 2 2 a   2 0 0 b   0 >
-0.00149699 | 2 0 b a   2 0 a b   2 >
0.00249322 | 2 2 b a   b a a b   0 >
-0.00268538 | 2 2 0 b   b a 2 a   0 >
-0.00233643 | 2 b 0 2   a b 2 0   a >
-0.0303578 | 2 2 a 2   b a b 0   0 >
0.00385198 | 2 2 a 2   2 0 b 0   0 >
-0.00226085 | 2 a b 2   0 2 a 0   b >
-0.0306129 | 2 2 2 a   b a 0 b   0 >
0.00722542 | 2 2 2 a   b b 0 a   0 >
-0.00111695 | 2 0 2 b   b a 0 a   2 >
-0.00223633 | 2 a b 0   2 0 a 2   b >
0.00227239 | 2 2 a a   a b b b   0 >
-0.00319462 | 2 2 a b   0 2 b a   0 >
-0.00205533 | 2 a b a   b a a b   b >
-0.00723574 | 2 2 b a   2 0 b a   0 >
-0.00236295 | 2 b 0 a   2 0 2 b   a >
-0.00105126 | 2 0 a 2   2 0 b 0   2 >
0.00439411 | 2 2 2 0   2 0 2 0   0 >
-0.0232537 | 2 2 a a   2 0 b b   0 >
0.0129706 | 2 2 2 0   2 0 0 0   2 >
0.00167219 | 2 a a 0   2 0 b 2   b >
0.00148487 | 2 a a b   a b b a   b >
0.00162496 | 2 a 2 0   2 0 0 2   b >
-0.00142929 | 2 a 2 b   a b 0 a   b >
-0.00316382 | 2 2 2 0   a b 0 2   0 >
0.0421639 | 2 2 2 0   2 0 0 2   0 >
0.0017455 | 2 a 2 a   0 2 0 b   b >
-0.00230615 | 2 a 0 2   b a 2 0   b >
0.00438692 | 2 2 2 2   0 0 0 2   0 >
-0.0127561 | 2 a 2 2   a b 0 0   b >
0.00284802 | 2 2 a a   0 2 b b   0 >
0.0244518 | 2 a b 2   2 0 a 0   b >
0.0243564 | 2 a 2 b   2 0 0 a   b >
0.0303352 | 2 2 a b   2 0 b a   0 >
-0.00144827 | 2 0 a b   2 0 b a   2 >
0.00106716 | 0 2 2 2   2 0 0 0   2 >
0.00263463 | 2 2 b 2   0 2 a 0   0 >
0.0243903 | 2 b a 2   2 0 b 0   a >
-0.00194902 | 2 a a b   b a b a   b >
0.0422417 | 2 2 2 2   0 2 0 0   0 >
-0.00361193 | 2 b 2 2   2 0 0 0   a >
-0.00279227 | 2 2 0 a   a b 2 b   0 >
-0.012729 | 2 b 2 2   b a 0 0   a >
0.0305309 | 2 2 b a   2 0 a b   0 >
-0.989158 | 2 2 2 2   2 0 0 0   0 >
-0.00237556 | 2 b 2 a   0 2 0 b   a >
-0.00388002 | 2 2 2 0   0 2 0 2   0 >
-0.00126647 | 2 b 2 a   b a 0 b   a >
0.00172395 | 2 a a 2   0 2 b 0   b >
0.00107839 | a 2 2 a   2 0 0 b   b >
-0.00195187 | 2 0 0 2   2 0 2 0   2 >
0.00171845 | 2 a 0 2   a b 2 0   b >
0.0422207 | 2 2 0 2   2 0 2 0   0 >
0.00175887 | 2 a 2 0   a b 0 2   b >
-0.00384625 | 2 2 0 2   0 2 2 0   0 >
0.00167015 | 2 2 a 0   2 0 b 2   0 >
0.0015232 | 2 a b a   a b a b   b >
0.00303586 | 2 2 a 0   b a b 2   0 >
0.0232296 | 2 2 a 2   a b b 0   0 >
-0.00138759 | 2 b a 2   b a b 0   a >
0.0017345 | 2 b b 0   2 0 a 2   a >
0.023138 | 2 2 2 b   b a 0 a   0 >
-0.0128364 | 2 a 2 a   2 0 0 b   b >
0.0073082 | 2 2 b 2   a a b 0   0 >
0.00322082 | 2 2 0 a   b a 2 b   0 >
0.00155011 | 2 a a a   b a b b   b >
0.00107942 | a 2 a 2   2 0 b 0   b >
-0.00730041 | 2 2 a b   2 0 a b   0 >
-0.00277547 | 2 2 a 0   a b b 2   0 >
0.00222055 | 2 2 0 a   2 0 2 b   0 >
0.00551281 | 2 2 2 2   b a 0 0   0 >
0.0243267 | 2 a 2 2   b a 0 0   b >
0.00166073 | 2 a 0 a   2 0 2 b   b >
-0.00193405 | 2 0 2 2   0 2 0 0   2 >
0.0015613 | 2 b 2 0   2 0 0 2   a >
0.00440511 | 2 2 0 2   2 2 0 0   0 >
0.0232389 | 2 2 2 a   a b 0 b   0 >
0.00476921 | 2 2 b 2   2 0 a 0   0 >
-0.0302576 | 2 2 b 2   a b a 0   0 >
0.00239757 | 2 2 0 2   a b 2 0   0 >
-0.00100439 | 2 a a a   a b b b   b >
0.00117579 | 2 0 b b   2 0 a a   2 >
-0.00278931 | 2 2 b 0   b a a 2   0 >
-0.00176522 | 2 a 2 b   b a 0 a   b >
-0.00188592 | 2 0 2 0   2 0 0 2   2 >
0.00280041 | 2 2 b b   0 2 a a   0 >
0.0129622 | 2 2 0 2   2 0 0 0   2 >
-0.0116747 | 2 a b 2   2 0 b 0   a >
0.00131706 | 2 a b 2   a b a 0   b >
0.0230399 | 2 2 b 2   b a a 0   0 >
-0.00280106 | 2 2 0 2   b a 2 0   0 >
0.00118704 | 2 0 a a   2 0 b b   2 >
-0.0019557 | 2 a b b   a b a a   b >
-0.00284326 | 2 2 2 0   b a 0 2   0 >
-0.0304169 | 2 2 2 b   a b 0 a   0 >
0.00150229 | 2 b b a   b a a b   a >
0.00184353 | 2 a b b   b a a a   b >
-0.00136693 | 2 b b 2   a b a 0   a >
0.00108294 | a 2 2 2   a b 0 0   b >
-0.00241859 | 2 2 b 0   2 0 a 2   0 >
0.00191092 | 2 b 2 2   0 2 0 0   a >
0.00784019 | 2 0 2 2   2 0 2 0   0 >
-0.0116284 | 2 b 2 a   2 0 0 a   b >
0.00730338 | 2 2 2 b   a a 0 b   0 >
0.00269574 | 2 2 2 a   0 2 0 b   0 >
-0.00220329 | 2 a 0 b   2 0 2 a   b >
0.00307482 | 2 2 0 b   a b 2 a   0 >
0.00442221 | 2 2 2 2   0 0 2 0   0 >
0.00155852 | 2 b b 2   0 2 a 0   a >
0.00153874 | 2 b 0 2   b a 2 0   a >
-0.00114748 | 2 0 b 2   b a a 0   2 >
-0.00225871 | 2 b 2 0   a b 0 2   a >
0.00302072 | 2 2 b 0   a b a 2   0 >
0.00141117 | 2 0 2 b   a b 0 a   2 >
0.002276 | 2 2 a b   a b b a   0 >
0.00142564 | 2 b b b   a b a a   a >
0.00167932 | 2 b 0 b   2 0 2 a   a >
0.00148639 | 2 b 2 0   b a 0 2   a >
-0.00299251 | 2 2 b a   0 2 a b   0 >
0.00109606 | b 2 2 2   b a 0 0   a >
-0.00216747 | 2 b a 0   2 0 b 2   a >
-0.00250953 | 2 2 b b   a b a a   0 >
-0.00190392 | 2 a b 2   b a a 0   b >
0.00156375 | 2 b b a   2 0 a b   a >
0.0186764 | 2 0 2 2   2 0 0 0   2 >
0.00271689 | 2 2 a 2   0 2 b 0   0 >
-0.0126181 | 2 a a 2   2 0 b 0   b >
0.0129929 | 2 2 2 2   0 0 0 0   2 >
0.00729035 | 2 2 a 2   b b a 0   0 >
0.00139441 | 2 0 a 2   b a b 0   2 >
0.00109349 | b 2 b 2   2 0 a 0   a >
-0.00343585 | 2 2 0 0   2 0 2 2   0 >
0.00133058 | 2 a 2 a   b a 0 b   b >
0.00440777 | 2 2 0 2   2 0 0 2   0 >
0.00110198 | b 2 2 b   2 0 0 a   a >
0.00136755 | 2 0 2 a   b a 0 b   2 >
-0.00191119 | 2 a 2 2   0 2 0 0   b >
0.00195334 | 2 b 0 2   2 0 2 0   a >
0.00210183 | 2 2 a a   b a b b   0 >

total time: 417

Correlation energy
-0.116283
