2 in bits: 0000000000000000000000000000000000000000000000000000000000000010
-2 in bits: 1111111111111111111111111111111111111111111111111111111111111110
194982 in bits: 0000000000000000000000000000000000000000000000101111100110100110
-194982 in bits: 1111111111111111111111111111111111111111111111010000011001011010
194982 xor -194982: 0000000000000000000000000000000000000000000000000000000000000010
194982 xor (194982 and -194982):0000000000000000000000000000000000000000000000101111100110100100
__builtin_ctzl(194982) = 1
Determinant
set orbital 3alpha
0
1
1 | 0 0 0 a   0 0 0 0   >

Hartree Fock
1 | 0 0 0 0   0 0 0 0   >
1 | 2 2 2 2   2 0 0 0   >
Overlap
1 1

save and write
1 | 2 2 2 2   2 0 0 0   >

Count set orbs and parity
6
1
7
-1

3 | 2 2 2 2   2 0 0 0   >

1.5 | 2 2 2 2   2 0 0 0   >
6 | 2 2 2 2   2 0 0 0   >
3
9


LadderOperators
1 | 2 2 2 2   2 0 0 0   >
-1 | a 2 2 2   2 0 0 0   >
1 | a 2 2 2   2 0 0 a   >
NumberOperators
1 | 2 2 2 2   2 0 0 0   >
10 | 2 2 2 2   2 0 0 0   >
ExcitationOperators
Single Excitation
D 1 | 2 2 2 2   2 0 0 0   >
L -1 | 2 2 2 2   b b 0 0   >
8 11
Double Excitation
D 1 | 2 2 2 2   2 0 0 0   >
L 1 | 2 2 2 b   b b 0 b   >
6 8 11 15

FCI-vector

alpha comb
6

01
02
03
12
13
23

beta comb
4

012
013
023
123

3136
generating connected determinants
561


CID with direct Davidson
hf det and energy
-128.474 | 2 2 2 2   2 0 0 0   0 >
size of fock space: 521
1
-128.474
2
-128.584
3
-128.586
4
-128.586
number of iterations: 4


Ground state Energy: -128.586
residual: 0.000699307
Compactness of Hamiltonian: 0.0144451
-0.0128255 | 2 2 2 2   0 0 0 0   2 >
-0.00433165 | 2 2 2 2   0 0 0 2   0 >
-0.00433305 | 2 2 2 2   0 0 2 0   0 >
-0.0406555 | 2 2 2 2   0 2 0 0   0 >
-0.00714555 | 2 2 2 a   b b 0 a   0 >
-0.00714555 | 2 2 a 2   b b a 0   0 >
0.0292011 | 2 2 a 2   b a b 0   0 >
0.0115081 | 2 a 2 2   b b 0 0   a >
0.0292012 | 2 2 2 b   a b 0 a   0 >
-0.00714555 | 2 2 2 b   a a 0 b   0 >
-0.040655 | 2 2 2 0   2 0 0 2   0 >
-0.00433305 | 2 2 2 0   2 0 2 0   0 >
-0.00433199 | 2 2 2 0   2 2 0 0   0 >
-0.0221229 | 2 2 a 2   a b b 0   0 >
0.011508 | 2 a b 2   2 0 b 0   a >
-0.0010824 | b 2 b 2   2 0 a 0   a >
0.0121021 | 2 a a 2   2 0 b 0   b >
-0.029201 | 2 2 a b   2 0 b a   0 >
-0.0128255 | 2 2 0 2   2 0 0 0   2 >
0.0114899 | 2 b 2 2   a a 0 0   b >
-0.00714555 | 2 2 b 2   a a b 0   0 >
-0.022123 | 2 2 2 a   a b 0 b   0 >
0.0292015 | 2 2 b 2   a b a 0   0 >
0.0114897 | 2 b a 2   2 0 a 0   b >
0.0221229 | 2 2 b b   2 0 a a   0 >
0.0221229 | 2 2 a a   2 0 b b   0 >
-0.0235604 | 2 a 2 2   b a 0 0   b >
-0.00109197 | a 2 a 2   2 0 b 0   b >
0.0121024 | 2 b 2 b   2 0 0 a   a >
-0.00108253 | a 2 2 a   2 0 0 b   b >
-0.00773814 | 2 0 2 2   2 2 0 0   0 >
-0.00108255 | a 2 2 2   a b 0 0   b >
0.01149 | 2 b 2 a   2 0 0 a   b >
0.0115081 | 2 a 2 b   2 0 0 b   a >
0.990226 | 2 2 2 2   2 0 0 0   0 >
-0.0292015 | 2 2 b a   2 0 a b   0 >
0.0121025 | 2 b 2 2   b a 0 0   a >
-0.00109178 | b 2 2 2   b a 0 0   a >
-0.022123 | 2 2 b 2   b a a 0   0 >
-0.0235612 | 2 b 2 2   a b 0 0   a >
-0.0221228 | 2 2 2 b   b a 0 a   0 >
-0.00106712 | 0 2 2 2   2 0 0 0   2 >
0.0120962 | 2 b b 2   2 0 a 0   a >
0.0120964 | 2 a 2 a   2 0 0 b   b >
0.0292013 | 2 2 2 a   b a 0 b   0 >
-0.00772599 | 2 0 2 2   2 0 2 0   0 >
-0.00773785 | 2 0 2 2   2 0 0 2   0 >
-0.0181426 | 2 0 2 2   2 0 0 0   2 >
-0.0235605 | 2 b a 2   2 0 b 0   a >
-0.0128255 | 2 2 2 0   2 0 0 0   2 >
0.0120963 | 2 a 2 2   a b 0 0   b >
-0.0235612 | 2 b 2 a   2 0 0 b   a >
-0.00109172 | b 2 2 b   2 0 0 a   a >
-0.023561 | 2 a b 2   2 0 a 0   b >
-0.00433199 | 2 2 0 2   2 2 0 0   0 >
-0.0406564 | 2 2 0 2   2 0 2 0   0 >
-0.00433165 | 2 2 0 2   2 0 0 2   0 >
0.00714555 | 2 2 b a   2 0 b a   0 >
-0.0235613 | 2 a 2 b   2 0 0 a   b >
0.00714555 | 2 2 a b   2 0 a b   0 >

total time: 3

Correlation energy
-0.11191
Davdison correction
-0.002177

CISD with direct Davidson
hf det and energy
-128.474 | 2 2 2 2   2 0 0 0   0 >
size of fock space: 561
1
-128.474
2
-128.584
3
-128.586
4
-128.586
number of iterations: 4


Ground state Energy: -128.586
residual: 0.00195517
Compactness of Hamiltonian: 0.0172248
-0.0128566 | 2 2 2 2   0 0 0 0   2 >
-0.00437647 | 2 2 2 2   0 0 0 2   0 >
-0.00436588 | 2 2 2 2   0 0 2 0   0 >
-0.0408282 | 2 2 2 2   0 2 0 0   0 >
-0.00716964 | 2 2 2 a   b b 0 a   0 >
-0.00713283 | 2 2 a 2   b b a 0   0 >
0.0292456 | 2 2 a 2   b a b 0   0 >
0.0115502 | 2 a 2 2   b b 0 0   a >
0.0293328 | 2 2 2 b   a b 0 a   0 >
-0.00711583 | 2 2 2 b   a a 0 b   0 >
-0.0406436 | 2 2 2 0   2 0 0 2   0 >
-0.00442026 | 2 2 2 0   2 2 0 0   0 >
-0.0292541 | 2 2 a b   2 0 b a   0 >
0.00709476 | 2 2 a b   2 0 a b   0 >
0.0114795 | 2 a 2 b   2 0 0 b   a >
-0.0236371 | 2 a 2 b   2 0 0 a   b >
-0.0010859 | b 2 b 2   2 0 a 0   a >
-0.0222357 | 2 2 a 2   a b b 0   0 >
0.0115318 | 2 b 2 2   a a 0 0   b >
0.0121669 | 2 b 2 b   2 0 0 a   a >
-0.0222524 | 2 2 2 b   b a 0 a   0 >
-0.00106479 | 0 2 2 2   2 0 0 0   2 >
-0.0236311 | 2 a 2 2   b a 0 0   b >
-0.00714453 | 2 2 b 2   a a b 0   0 >
-0.00108205 | b 2 2 2   b a 0 0   a >
0.0121564 | 2 b 2 2   b a 0 0   a >
0.0292085 | 2 2 b 2   a b a 0   0 >
-0.0236503 | 2 b 2 2   a b 0 0   a >
-0.0221444 | 2 2 b 2   b a a 0   0 >
0.00356629 | 2 2 b 2   2 0 a 0   0 >
-0.00346123 | 2 2 2 a   2 0 0 b   0 >
0.0114982 | 2 b a 2   2 0 a 0   b >
-0.00499424 | 2 2 2 b   2 0 0 a   0 >
0.990136 | 2 2 2 2   2 0 0 0   0 >
-0.00437777 | 2 2 2 0   2 0 2 0   0 >
0.0121355 | 2 a a 2   2 0 b 0   b >
0.0221787 | 2 2 a a   2 0 b b   0 >
0.0220744 | 2 2 b b   2 0 a a   0 >
-0.00785926 | 2 0 2 2   2 2 0 0   0 >
-0.00108241 | a 2 2 2   a b 0 0   b >
0.0115712 | 2 b 2 a   2 0 0 a   b >
-0.00109501 | a 2 a 2   2 0 b 0   b >
-0.0292227 | 2 2 b a   2 0 a b   0 >
0.00716027 | 2 2 b a   2 0 b a   0 >
0.0121383 | 2 b b 2   2 0 a 0   a >
-0.022247 | 2 2 2 a   a b 0 b   0 >
0.012143 | 2 a 2 a   2 0 0 b   b >
0.0115244 | 2 a b 2   2 0 b 0   a >
-0.00109343 | a 2 2 a   2 0 0 b   b >
-0.0128754 | 2 2 0 2   2 0 0 0   2 >
-0.00409419 | 2 2 2 2   b a 0 0   0 >
0.0291071 | 2 2 2 a   b a 0 b   0 >
-0.00774832 | 2 0 2 2   2 0 2 0   0 >
-0.00777307 | 2 0 2 2   2 0 0 2   0 >
-0.0181363 | 2 0 2 2   2 0 0 0   2 >
-0.0235512 | 2 b a 2   2 0 b 0   a >
-0.0128709 | 2 2 2 0   2 0 0 0   2 >
0.012174 | 2 a 2 2   a b 0 0   b >
-0.0236069 | 2 b 2 a   2 0 0 b   a >
-0.00109497 | b 2 2 b   2 0 0 a   a >
0.00633675 | 2 2 2 2   a b 0 0   0 >
-0.0235972 | 2 a b 2   2 0 a 0   b >
-0.00442424 | 2 2 0 2   2 2 0 0   0 >
-0.0406035 | 2 2 0 2   2 0 2 0   0 >
-0.00439235 | 2 2 0 2   2 0 0 2   0 >

total time: 3

Correlation energy
-0.112135
Davdison correction
-0.00220131

FCI with direct Davidson
hf det and energy
-128.474 | 2 2 2 2   2 0 0 0   0 >
size of fock space: 15876
1
-128.474
2
-128.584
3
-128.59
4
-128.59
5
-128.59
number of iterations: 5


Ground state Energy: -128.59
residual: 0.00274185
Compactness of Hamiltonian: 0.00132275
-0.00133495 | 2 0 b 2   a b a 0   2 >
0.00181984 | 2 b b a   a b a b   a >
0.0116761 | 2 a 2 2   b b 0 0   a >
0.00210536 | 2 a 2 b   0 2 0 a   b >
0.00211219 | 2 a 2 0   b a 0 2   b >
-0.00229428 | 2 2 2 b   0 2 0 a   0 >
-0.00161958 | 2 b 2 b   0 2 0 a   a >
0.0127131 | 2 b b 2   2 0 a 0   a >
-0.00137746 | 2 b a b   b a b a   a >
0.00181974 | 2 b a b   a b b a   a >
0.0127102 | 2 b 2 b   2 0 0 a   a >
0.0231205 | 2 2 b b   2 0 a a   0 >
-0.00146941 | 2 a b a   2 0 a b   b >
-0.00441222 | 2 2 2 0   2 2 0 0   0 >
0.00181868 | 2 b a a   b a b b   a >
0.00212605 | 2 b a 2   0 2 b 0   a >
0.00352926 | 2 a 2 2   2 0 0 0   b >
0.00107094 | 2 0 a 2   a b b 0   2 >
0.0010622 | 2 0 2 a   a b 0 b   2 >
0.00102295 | 2 0 2 a   2 0 0 b   2 >
-0.00173593 | 2 b a a   a b b b   a >
0.00145827 | 2 b 2 a   a b 0 b   a >
-0.0242778 | 2 b 2 a   2 0 0 b   a >
-0.00774255 | 2 0 2 2   2 0 0 2   0 >
-0.00253846 | 2 2 0 b   2 0 2 a   0 >
0.0116546 | 2 b a 2   2 0 a 0   b >
-0.0243117 | 2 b 2 2   a b 0 0   a >
-0.00782583 | 2 0 2 2   2 2 0 0   0 >
0.0116564 | 2 a 2 b   2 0 0 b   a >
0.0116671 | 2 b 2 2   a a 0 0   b >
-0.0067531 | 2 2 2 a   2 0 0 b   0 >
0.00145292 | 2 0 b a   2 0 a b   2 >
-0.00197149 | 2 2 b a   b a a b   0 >
-0.00159539 | 2 b a a   2 0 b b   a >
0.00258883 | 2 2 0 b   b a 2 a   0 >
0.00111017 | 2 2 b b   b a a a   0 >
0.00115981 | 2 b a b   2 0 b a   a >
0.00212316 | 2 b 0 2   a b 2 0   a >
0.0302035 | 2 2 a 2   b a b 0   0 >
-0.00623751 | 2 2 a 2   2 0 b 0   0 >
0.00211259 | 2 a b 2   0 2 a 0   b >
0.0304546 | 2 2 2 a   b a 0 b   0 >
-0.0072476 | 2 2 2 a   b b 0 a   0 >
0.00108618 | 2 0 2 b   b a 0 a   2 >
0.0021622 | 2 a b 0   2 0 a 2   b >
-0.00159244 | 2 2 a a   a b b b   0 >
0.00295044 | 2 2 a b   0 2 b a   0 >
0.00195086 | 2 a b a   b a a b   b >
0.00723003 | 2 2 b a   2 0 b a   0 >
0.0021816 | 2 b 0 a   2 0 2 b   a >
0.0010169 | 2 0 a 2   2 0 b 0   2 >
-0.00439652 | 2 2 2 0   2 0 2 0   0 >
0.0233076 | 2 2 a a   2 0 b b   0 >
0.0015269 | 2 a b b   2 0 a a   b >
-0.0130114 | 2 2 2 0   2 0 0 0   2 >
-0.0015653 | 2 a a 0   2 0 b 2   b >
-0.00138001 | 2 a a b   a b b a   b >
-0.00137566 | 2 a 2 0   2 0 0 2   b >
0.00121247 | 2 a 2 b   a b 0 a   b >
-0.00108983 | 2 b 2 b   a b 0 a   a >
0.00266565 | 2 2 2 0   a b 0 2   0 >
-0.0421034 | 2 2 2 0   2 0 0 2   0 >
0.00143045 | 2 2 2 b   2 0 0 a   0 >
-0.00154916 | 2 a 2 a   0 2 0 b   b >
0.00211052 | 2 a 0 2   b a 2 0   b >
-0.00436844 | 2 2 2 2   0 0 0 2   0 >
0.0126782 | 2 a 2 2   a b 0 0   b >
-0.00257873 | 2 2 a a   0 2 b b   0 >
-0.0244057 | 2 a b 2   2 0 a 0   b >
-0.0244045 | 2 a 2 b   2 0 0 a   b >
0.00131986 | 2 a a 2   b a b 0   b >
-0.0304686 | 2 2 a b   2 0 b a   0 >
0.00119277 | 2 b a 2   a b b 0   a >
0.0014447 | 2 0 a b   2 0 b a   2 >
-0.00107134 | 0 2 2 2   2 0 0 0   2 >
-0.00217343 | 2 2 b 2   0 2 a 0   0 >
-0.00153831 | 2 2 a b   b a b a   0 >
-0.0244251 | 2 b a 2   2 0 b 0   a >
0.00193893 | 2 a a b   b a b a   b >
-0.0419532 | 2 2 2 2   0 2 0 0   0 >
0.0027352 | 2 b 2 2   2 0 0 0   a >
-0.0019367 | 2 2 2 2   a b 0 0   0 >
-0.00110884 | 2 a a b   2 0 b a   b >
0.00255949 | 2 2 0 a   a b 2 b   0 >
0.0126823 | 2 b 2 2   b a 0 0   a >
-0.0304844 | 2 2 b a   2 0 a b   0 >
0.9892 | 2 2 2 2   2 0 0 0   0 >
0.00217642 | 2 b 2 a   0 2 0 b   a >
0.00363285 | 2 2 2 0   0 2 0 2   0 >
-0.00100732 | 2 b 2 a   b a 0 b   a >
-0.00160758 | 2 a a 2   0 2 b 0   b >
-0.00108061 | a 2 2 a   2 0 0 b   b >
0.00185846 | 2 0 0 2   2 0 2 0   2 >
-0.00155033 | 2 a 0 2   a b 2 0   b >
-0.0421319 | 2 2 0 2   2 0 2 0   0 >
-0.00172312 | 2 a 2 0   a b 0 2   b >
0.00352278 | 2 2 0 2   0 2 2 0   0 >
0.00267992 | 2 2 a 0   2 0 b 2   0 >
-0.0014266 | 2 a b a   a b a b   b >
-0.00303813 | 2 2 a 0   b a b 2   0 >
-0.0231679 | 2 2 a 2   a b b 0   0 >
-0.0015299 | 2 b b 0   2 0 a 2   a >
-0.0231483 | 2 2 2 b   b a 0 a   0 >
0.0127915 | 2 a 2 a   2 0 0 b   b >
-0.00725105 | 2 2 b 2   a a b 0   0 >
-0.00293682 | 2 2 0 a   b a 2 b   0 >
-0.00146913 | 2 a a a   b a b b   b >
-0.00108065 | a 2 a 2   2 0 b 0   b >
0.00725599 | 2 2 a b   2 0 a b   0 >
0.00277086 | 2 2 a 0   a b b 2   0 >
0.0021689 | 2 2 0 a   2 0 2 b   0 >
-0.00324283 | 2 2 2 2   b a 0 0   0 >
-0.0243176 | 2 a 2 2   b a 0 0   b >
-0.00171172 | 2 a 0 a   2 0 2 b   b >
0.00185963 | 2 0 2 2   0 2 0 0   2 >
0.00146795 | 2 b 2 0   2 0 0 2   a >
-0.0044035 | 2 2 0 2   2 2 0 0   0 >
-0.0232386 | 2 2 2 a   a b 0 b   0 >
-0.00276103 | 2 2 b 2   2 0 a 0   0 >
0.00170371 | 2 2 b a   a b a b   0 >
0.0302858 | 2 2 b 2   a b a 0   0 >
0.00189278 | 2 2 0 2   a b 2 0   0 >
-0.00117833 | 2 0 b b   2 0 a a   2 >
0.00263947 | 2 2 b 0   b a a 2   0 >
-0.0012204 | 2 a 2 b   b a 0 a   b >
0.00195585 | 2 0 2 0   2 0 0 2   2 >
-0.00275191 | 2 2 b b   0 2 a a   0 >
-0.0129995 | 2 2 0 2   2 0 0 0   2 >
0.0116454 | 2 a b 2   2 0 b 0   a >
-0.0230091 | 2 2 b 2   b a a 0   0 >
-0.00157402 | 2 2 0 2   b a 2 0   0 >
-0.00121502 | 2 0 a a   2 0 b b   2 >
0.0019801 | 2 a b b   a b a a   b >
-0.00126703 | 2 a 0 2   2 0 2 0   b >
-0.0016631 | 2 2 2 0   b a 0 2   0 >
0.0303853 | 2 2 2 b   a b 0 a   0 >
-0.0014841 | 2 b b a   b a a b   a >
-0.00192253 | 2 a b b   b a a a   b >
-0.00109087 | a 2 2 2   a b 0 0   b >
-0.00205735 | 2 2 b 0   2 0 a 2   0 >
-0.00777137 | 2 0 2 2   2 0 2 0   0 >
0.0116291 | 2 b 2 a   2 0 0 a   b >
-0.00725147 | 2 2 2 b   a a 0 b   0 >
0.00190075 | 2 2 2 a   0 2 0 b   0 >
0.00237603 | 2 a 0 b   2 0 2 a   b >
-0.00304789 | 2 2 0 b   a b 2 a   0 >
-0.00438327 | 2 2 2 2   0 0 2 0   0 >
-0.00173994 | 2 b b 2   0 2 a 0   a >
-0.00169421 | 2 b 0 2   b a 2 0   a >
0.00115789 | 2 0 b 2   b a a 0   2 >
0.00237703 | 2 b 2 0   a b 0 2   a >
-0.0031304 | 2 2 b 0   a b a 2   0 >
-0.00148618 | 2 0 2 b   a b 0 a   2 >
0.00129195 | 2 2 a b   a b b a   0 >
-0.00149219 | 2 b b b   a b a a   a >
-0.00170151 | 2 b 0 b   2 0 2 a   a >
-0.001736 | 2 b 2 0   b a 0 2   a >
0.00321421 | 2 2 b a   0 2 a b   0 >
-0.00110365 | b 2 2 2   b a 0 0   a >
0.00238197 | 2 b a 0   2 0 b 2   a >
-0.00106774 | 2 2 b b   a b a a   0 >
-0.00101204 | 2 a b 2   b a a 0   b >
-0.0187139 | 2 0 2 2   2 0 0 0   2 >
0.00169736 | 2 2 a 2   0 2 b 0   0 >
0.0127815 | 2 a a 2   2 0 b 0   b >
-0.0130027 | 2 2 2 2   0 0 0 0   2 >
-0.00726811 | 2 2 a 2   b b a 0   0 >
-0.00148611 | 2 0 a 2   b a b 0   2 >
-0.00110317 | b 2 b 2   2 0 a 0   a >
0.00385581 | 2 2 0 0   2 0 2 2   0 >
0.00100491 | 2 a 2 a   b a 0 b   b >
-0.00437224 | 2 2 0 2   2 0 0 2   0 >
-0.00110217 | b 2 2 b   2 0 0 a   a >
-0.00148213 | 2 0 2 a   b a 0 b   2 >
-0.00104493 | 2 a 2 2   0 2 0 0   b >
0.00132199 | 2 2 a a   b a b b   0 >

total time: 155

Correlation energy
-0.116175
