JastrowSlater
ghf
complex

maxIter 200
stochasticIter 85000
epsilon 1.e-6
seed 1

#printopt
lm
direct
stepsizes 0.1 0.01 0.05 0.5 1.0
hDiagShift 0.1
decay 0.65
dTol 1.e-3
cgTol 1.e-2
cgIter 20
CorrSampleFrac 0.35
sgdIter 75


#restart

    0   -31.37573761 (2.89e-03)     0.64648906     65.0      1.0   214.15   214.15   214.15 
    1   -31.28926238 (2.17e-03)     1.04567494     36.5      1.0   435.57   435.57   435.57 
    2   -31.24581969 (2.49e-03)     1.50327766     45.5      1.0   655.53   655.53   655.53 
    3   -31.28116719 (2.44e-03)     1.39300638     45.9      1.0   874.84   874.84   874.84 
    4   -31.33850866 (2.62e-03)     1.61913554     56.5      1.0  1094.31  1094.31  1094.31 
    5   -31.47730873 (2.24e-03)     0.91237569     50.3      1.0  1314.13  1314.13  1314.13 
    6   -31.42257867 (2.70e-03)     1.46304781     68.3      1.0  1534.20  1534.20  1534.20 
    7   -31.58657083 (1.93e-03)     0.72794165     43.9      1.0  1753.77  1753.77  1753.77 
    8   -31.61956751 (1.96e-03)     0.72990734     47.7      1.0  1973.04  1973.04  1973.04 
    9   -31.63451606 (2.09e-03)     0.74897925     56.8      1.0  2193.51  2193.51  2193.51 
   10   -31.67592283 (1.75e-03)     0.69485050     43.9      1.0  2412.39  2412.39  2412.39 
   11   -31.71873876 (1.79e-03)     0.58161098     48.8      1.0  2631.36  2631.36  2631.36 
   12   -31.75630926 (1.67e-03)     0.46213397     46.3      1.0  2849.48  2849.48  2849.48 
   13   -31.76657324 (1.65e-03)     0.52528468     46.8      1.0  3069.08  3069.08  3069.08 
   14   -31.78396523 (1.57e-03)     0.52418830     44.6      1.0  3287.40  3287.40  3287.40 
   15   -31.81424765 (1.53e-03)     0.44537315     45.6      1.0  3506.60  3506.60  3506.60 
   16   -31.84095253 (1.48e-03)     0.38384595     45.6      1.0  3724.93  3724.93  3724.93 
   17   -31.85875268 (1.39e-03)     0.38807865     42.4      1.0  3944.25  3944.25  3944.25 
   18   -31.87329652 (1.28e-03)     0.37190681     37.9      1.0  4163.52  4163.52  4163.52 
   19   -31.88836592 (1.23e-03)     0.35044610     36.8      1.0  4383.64  4383.64  4383.64 
   20   -31.90449026 (1.24e-03)     0.31812853     40.3      1.0  4601.99  4601.99  4601.99 
   21   -31.92038066 (1.12e-03)     0.27755151     34.6      1.0  4821.24  4821.24  4821.24 
   22   -31.93065663 (1.12e-03)     0.28380406     36.4      1.0  5040.10  5040.10  5040.10 
   23   -31.93979180 (1.06e-03)     0.27913466     33.6      1.0  5259.40  5259.40  5259.40 
   24   -31.95010235 (1.04e-03)     0.25007105     33.5      1.0  5478.10  5478.10  5478.10 
   25   -31.95987118 (1.05e-03)     0.23495103     35.6      1.0  5697.96  5697.96  5697.96 
   26   -31.96707487 (9.95e-04)     0.24049180     33.1      1.0  5917.12  5917.12  5917.12 
   27   -31.97250605 (1.00e-03)     0.22215458     35.0      1.0  6135.86  6135.86  6135.86 
   28   -31.97797766 (9.84e-04)     0.19882748     34.6      1.0  6354.55  6354.55  6354.55 
   29   -31.98649532 (9.27e-04)     0.20235958     31.5      1.0  6574.24  6574.24  6574.24 
   30   -31.99015981 (9.10e-04)     0.19528720     31.1      1.0  6793.07  6793.07  6793.07 
   31   -31.99407286 (9.51e-04)     0.18253732     34.9      1.0  7012.46  7012.46  7012.46 
   32   -32.00085753 (9.05e-04)     0.17426549     32.5      1.0  7231.67  7231.67  7231.67 
   33   -32.00730882 (8.60e-04)     0.17154516     30.1      1.0  7451.15  7451.15  7451.15 
   34   -32.01004306 (8.90e-04)     0.16197010     32.8      1.0  7670.46  7670.46  7670.46 
   35   -32.01517035 (8.61e-04)     0.14919784     31.4      1.0  7890.44  7890.44  7890.44 
   36   -32.01763272 (8.95e-04)     0.16781896     34.3      1.0  8110.38  8110.38  8110.38 
   37   -32.02229003 (8.66e-04)     0.15083562     32.8      1.0  8330.18  8330.18  8330.18 
   38   -32.02626685 (8.20e-04)     0.13448593     30.2      1.0  8549.22  8549.22  8549.22 
   39   -32.03065520 (8.23e-04)     0.13179109     31.0      1.0  8769.10  8769.10  8769.10 
   40   -32.03367045 (7.99e-04)     0.14029227     29.8      1.0  8988.93  8988.93  8988.93 
   41   -32.03493939 (8.67e-04)     0.13402531     35.2      1.0  9208.41  9208.41  9208.42 
   42   -32.03928876 (8.29e-04)     0.12041125     33.1      1.0  9426.99  9426.99  9426.99 
   43   -32.04484948 (8.12e-04)     0.11586627     32.5      1.0  9647.16  9647.16  9647.16 
   44   -32.04705178 (8.23e-04)     0.11817304     33.8      1.0  9866.17  9866.17  9866.17 
   45   -32.04945042 (8.46e-04)     0.11528030     36.2      1.0 10085.82 10085.82 10085.82 
   46   -32.05080319 (8.39e-04)     0.10838992     36.0      1.0 10305.02 10305.02 10305.02 
   47   -32.05267648 (8.96e-04)     0.11635418     41.4      1.0 10525.08 10525.08 10525.08 
   48   -32.05864626 (8.48e-04)     0.11987995     37.9      1.0 10743.74 10743.74 10743.74 
   49   -32.06428446 (7.95e-04)     0.10345930     34.1      1.0 10963.92 10963.92 10963.92 
   50   -32.06382685 (8.78e-04)     0.13093775     41.7      1.0 11183.12 11183.12 11183.12 
   51   -32.06589493 (8.82e-04)     0.12112357     42.2      1.0 11404.00 11404.00 11404.00 
   52   -32.07143657 (8.77e-04)     0.10354049     42.5      1.0 11622.98 11622.98 11622.98 
   53   -32.07450657 (8.82e-04)     0.10881537     43.3      1.0 11843.39 11843.39 11843.39 
   54   -32.07802171 (8.92e-04)     0.10022819     44.9      1.0 12063.06 12063.06 12063.06 
   55   -32.07928747 (8.57e-04)     0.09408026     42.0      1.0 12283.66 12283.66 12283.66 
   56   -32.08397664 (9.03e-04)     0.10442617     46.9      1.0 12503.21 12503.21 12503.21 
   57   -32.08695406 (8.38e-04)     0.10095107     41.1      1.0 12723.26 12723.26 12723.26 
   58   -32.08900648 (8.81e-04)     0.09369211     45.7      1.0 12943.59 12943.59 12943.59 
   59   -32.09015065 (9.66e-04)     0.09919727     54.8      1.0 13163.78 13163.78 13163.78 
   60   -32.09203244 (9.12e-04)     0.09335426     49.4      1.0 13383.23 13383.23 13383.23 
   61   -32.09531088 (9.63e-04)     0.09966567     55.4      1.0 13603.63 13603.63 13603.63 
   62   -32.09552129 (9.83e-04)     0.09999933     58.0      1.0 13822.91 13822.91 13822.91 
   63   -32.09943134 (9.27e-04)     0.09720262     52.0      1.0 14043.11 14043.11 14043.11 
   64   -32.10231008 (9.47e-04)     0.10373369     54.5      1.0 14263.41 14263.41 14263.41 
   65   -32.10740751 (8.71e-04)     0.09385279     47.0      1.0 14483.24 14483.24 14483.24 
   66   -32.10552239 (9.66e-04)     0.10389456     57.5      1.0 14702.69 14702.69 14702.69 
   67   -32.11211781 (9.13e-04)     0.09239164     52.3      1.0 14922.36 14922.36 14922.36 
   68   -32.11068788 (9.30e-04)     0.08516303     54.4      1.0 15141.93 15141.93 15141.93 
   69   -32.11209136 (9.55e-04)     0.09307400     57.4      1.0 15362.47 15362.47 15362.47 
   70   -32.11692005 (9.09e-04)     0.09183368     52.7      1.0 15581.82 15581.82 15581.82 
   71   -32.11663529 (9.52e-04)     0.08025505     58.4      1.0 15801.99 15801.99 15802.00 
   72   -32.12060521 (9.17e-04)     0.08648839     54.5      1.0 16021.45 16021.45 16021.45 
   73   -32.12094121 (9.39e-04)     0.08742581     57.5      1.0 16241.84 16241.84 16241.84 
   74   -32.12440179 (9.27e-04)     0.08912820     56.7      1.0 16461.52 16461.52 16461.53 
   75   -32.12510923 (9.59e-04)     0.17387232     60.6      1.0 17044.94 17319.49 17664.89 
   76   -32.14206901 (8.69e-04)     0.20309610     54.2      1.0 18221.28 18781.23 19125.65 
   77   -32.15185760 (1.05e-03)     0.19075573     83.9      1.0 19732.56 20132.23 20476.23 
   78   -32.16976224 (8.85e-04)     0.19488571     66.1      1.0 20927.53 21245.49 21589.85 
   79   -32.18012890 (9.70e-04)     0.20836061     80.6      1.0 22117.95 22466.08 22809.96 
   80   -32.20086219 (7.63e-04)     0.17735716     59.0      1.0 23269.75 23558.26 23902.57 
   81   -32.21245633 (6.74e-04)     0.27718072     51.3      1.0 24471.38 25065.76 25409.18 
   82   -32.22175234 (6.60e-04)     0.19289417     54.2      1.0 26041.73 26700.06 27044.61 
   83   -32.22760044 (7.76e-04)     0.16347741     78.1      1.0 27651.02 28237.73 28581.28 
   84   -32.23909010 (6.10e-04)     0.15756226     53.8      1.0 29053.14 29511.65 29855.57 
   85   -32.24295837 (5.61e-04)     0.13303251     47.4      1.0 30461.93 31086.78 31430.30 
   86   -32.24670489 (6.81e-04)     0.21898077     67.3      1.0 32103.10 32811.43 33154.65 
   87   -32.26040956 (5.75e-04)     0.15132687     57.7      1.0 33677.26 34233.16 34577.54 
   88   -32.26228761 (5.62e-04)     0.15839181     56.7      1.0 35152.99 35737.76 36082.31 
   89   -32.26424911 (5.67e-04)     0.12197040     58.7      1.0 36665.33 37344.31 37687.67 
   90   -32.26711460 (5.58e-04)     0.12448624     60.0      1.0 38256.33 38776.82 39120.54 
   91   -32.26905451 (5.24e-04)     0.12819123     54.3      1.0 39682.59 39989.62 40333.07 
   92   -32.27055069 (4.77e-04)     0.18622382     46.3      1.0 40939.58 41578.66 41922.24 
   93   -32.27220439 (4.70e-04)     0.19311483     46.5      1.0 42605.29 43391.28 43735.30 
   94   -32.27427097 (4.70e-04)     0.09969264     48.0      1.0 44407.39 45560.87 45905.56 
   95   -32.27690443 (4.23e-04)     0.11466561     41.0      1.0 46566.86 47305.23 47648.83 
   96   -32.27870344 (3.94e-04)     0.14682830     36.0      1.0 48395.54 49266.35 49610.68 
   97   -32.27914172 (4.13e-04)     0.10270473     38.8      1.0 50438.58 51069.45 51413.68 
   98   -32.28114164 (3.85e-04)     0.23648417     35.9      1.0 52188.44 52645.61 52989.56 
   99   -32.28129057 (3.98e-04)     0.09467551     38.6      1.0 53817.15 54147.45 54491.18 
  100   -32.28299634 (3.39e-04)     0.10611806     29.3      1.0 55268.29 55726.36 56070.63 
  101   -32.28257283 (4.00e-04)     0.09762477     40.5      1.0 57058.70 57596.97 57941.18 
  102   -32.28396424 (3.15e-04)     0.08887394     26.1      1.0 58687.02 58929.86 59274.35 
  103   -32.28356135 (3.58e-04)     0.08686374     33.2      1.0 60359.89 61030.82 61374.40 
  104   -32.28466779 (3.17e-04)     0.08293877     26.9      1.0 62260.82 63565.88 63910.51 
  105   -32.28494184 (3.50e-04)     0.07637375     32.7      1.0 64956.54 65856.03 66199.48 
  106   -32.28568400 (3.20e-04)     0.07748674     27.8      1.0 67089.12 67681.98 68026.33 
  107   -32.28598208 (3.18e-04)     0.10958745     27.7      1.0 69043.11 69738.15 70082.37 
  108   -32.28657703 (2.98e-04)     0.08880745     24.5      1.0 71098.80 71999.59 72344.63 
  109   -32.28619323 (3.42e-04)     0.09983572     31.8      1.0 73506.36 74466.33 74809.73 
  110   -32.28682254 (2.76e-04)     0.09392024     21.3      1.0 75717.14 76115.48 76459.76 
