JastrowSlater
ghf
complex

maxIter 150
stochasticIter 40000
epsilon 1.e-6
seed 1

#printOpt
lm
direct
stepsizes 0.1 0.01 0.05 0.5 1.0
hDiagShift 0.1
decay 0.65
dTol 1.e-3
cgTol 1.e-2
cgIter 20
CorrSampleFrac 0.35
sgdIter 15


#restart

    0   -21.02123291 (4.94e-03)     2.23101793     54.1      1.0    51.98    51.98    51.98 
    1   -21.03627895 (2.43e-03)     0.49919605     19.1      1.0   105.90   105.90   105.90 
    2   -21.02527672 (2.57e-03)     0.70302219     21.5      1.0   159.29   159.29   159.29 
    3   -21.07439286 (2.93e-03)     0.45423872     31.5      1.0   212.40   212.40   212.40 
    4   -21.10157783 (2.55e-03)     0.51400467     25.6      1.0   265.76   265.76   265.76 
    5   -21.13197555 (2.59e-03)     0.44635720     28.6      1.0   319.26   319.26   319.26 
    6   -21.16745741 (2.50e-03)     0.37155322     30.0      1.0   372.58   372.58   372.58 
    7   -21.17832375 (2.98e-03)     0.40206207     43.5      1.0   425.98   425.98   425.98 
    8   -21.20607489 (2.58e-03)     0.36559341     35.7      1.0   479.44   479.44   479.44 
    9   -21.22792597 (2.60e-03)     0.32626178     39.0      1.0   533.10   533.10   533.10 
   10   -21.24960353 (2.41e-03)     0.33418182     36.1      1.0   586.57   586.57   586.57 
   11   -21.26316384 (2.24e-03)     0.31910096     33.2      1.0   640.22   640.22   640.22 
   12   -21.28158985 (2.01e-03)     0.27831817     29.0      1.0   693.86   693.86   693.86 
   13   -21.29303586 (1.87e-03)     0.28384621     26.7      1.0   747.51   747.51   747.51 
   14   -21.30264779 (1.95e-03)     0.26944857     30.1      1.0   801.19   801.19   801.19 
   15   -21.31470121 (1.84e-03)     0.30791412     28.3      1.0   953.60  1015.39  1100.90 
   16   -21.37679287 (1.46e-03)     0.18512423     27.8      1.0  1261.20  1335.27  1420.31 
   17   -21.41205372 (1.04e-03)     0.18714916     20.0      1.0  1581.26  1669.47  1754.38 
   18   -21.43813289 (9.19e-04)     0.26999982     19.5      1.0  1962.87  2062.71  2147.71 
   19   -21.45896406 (8.82e-04)     0.17914802     22.0      1.0  2364.98  2494.49  2579.90 
   20   -21.47488539 (8.14e-04)     0.18915501     22.9      1.0  2772.75  2874.64  2960.07 
   21   -21.48751853 (6.80e-04)     0.29291853     19.7      1.0  3146.77  3252.43  3337.74 
   22   -21.49140639 (7.22e-04)     0.23480867     23.2      1.0  3546.95  3646.62  3731.80 
   23   -21.50364357 (5.15e-04)     0.12487114     15.5      1.0  3918.74  4025.29  4110.42 
   24   -21.50530338 (4.95e-04)     0.12173332     14.9      1.0  4374.49  4741.34  4826.87 
   25   -21.50889638 (6.26e-04)     0.24344144     23.0      1.0  5093.23  5164.79  5249.85 
   26   -21.51497813 (4.26e-04)     0.18050264     13.8      1.0  5437.47  5520.44  5605.76 
   27   -21.51545295 (4.40e-04)     0.17836893     14.8      1.0  5886.55  6033.30  6118.62 
   28   -21.51710588 (4.54e-04)     0.17851083     15.7      1.0  6383.34  6433.89  6519.12 
   29   -21.51948113 (3.48e-04)     0.12296589     10.4      1.0  6771.36  6927.44  7012.53 
   30   -21.51968123 (3.50e-04)     0.14393541     10.6      1.0  7390.72  7585.72  7670.89 
   31   -21.52075064 (3.56e-04)     0.13099361     11.2      1.0  8017.50  8163.56  8248.85 
   32   -21.52078060 (3.40e-04)     0.09968754     10.4      1.0  8594.82  8732.09  8817.45 
   33   -21.52136117 (3.45e-04)     0.10791302     11.0      1.0  9194.98  9378.22  9463.53 
   34   -21.52136576 (3.50e-04)     0.12478209     11.3      1.0  9811.54  9959.13 10044.80 
   35   -21.52213560 (3.41e-04)     0.09549638     10.7      1.0 10391.39 10538.97 10624.33 
   36   -21.52191877 (3.34e-04)     0.09694055     10.3      1.0 10970.78 11297.66 11383.11 
   37   -21.52465192 (3.64e-04)     0.16140549     12.4      1.0 11760.60 11923.35 12008.84 
   38   -21.52622859 (2.97e-04)     0.14387925      9.0      1.0 12332.21 12559.80 12645.24 
   39   -21.52553823 (3.03e-04)     0.18304968      9.3      1.0 13060.66 13203.76 13289.29 
   40   -21.52678816 (2.67e-04)     0.17354824      7.1      1.0 13703.25 13871.36 13957.09 
   41   -21.52725732 (2.51e-04)     0.09524197      6.7      1.0 14482.46 14651.17 14737.06 
   42   -21.52732210 (2.66e-04)     0.17729207      7.6      1.0 15261.96 15477.37 15563.42 
   43   -21.52723700 (2.56e-04)     0.13020974      7.1      1.0 16027.00 16228.81 16315.05 
   44   -21.52725203 (2.74e-04)     0.10584542      8.0      1.0 16838.24 17038.15 17123.75 
   45   -21.52746403 (2.45e-04)     0.06641177      6.6      1.0 17587.87 17763.05 17848.60 
   46   -21.52731492 (2.51e-04)     0.07334598      6.9      1.0 18374.98 18574.54 18660.39 
   47   -21.52767244 (2.55e-04)     0.10980863      7.0      1.0 19184.11 19505.98 19591.64 
   48   -21.52684825 (3.32e-04)     0.23452915     11.6      1.0 20116.62 20331.75 20417.50 
   49   -21.52740766 (2.67e-04)     0.13513664      7.8      1.0 20739.39 20875.00 20960.31 
   50   -21.52785565 (2.64e-04)     0.08731754      7.7      1.0 21424.42 21707.24 21792.43 
   51   -21.52799502 (2.80e-04)     0.08943901      8.5      1.0 22255.05 22417.77 22503.46 
   52   -21.52827890 (2.59e-04)     0.08380562      7.5      1.0 22919.87 23352.54 23438.02 
   53   -21.52818355 (2.53e-04)     0.11188503      7.2      1.0 23963.13 24147.28 24232.67 
   54   -21.52837351 (2.44e-04)     0.11654288      6.7      1.0 24757.43 25080.92 25166.48 
   55   -21.52871275 (2.48e-04)     0.09904098      6.9      1.0 25692.84 26044.99 26130.29 
   56   -21.52864500 (2.78e-04)     0.10293477      8.7      1.0 26657.25 26917.14 27002.79 
   57   -21.52831638 (2.47e-04)     0.10718144      6.9      1.0 27417.90 27609.29 27694.95 
   58   -21.52847371 (2.39e-04)     0.07361723      6.4      1.0 28220.50 28498.29 28583.79 
   59   -21.52844348 (2.91e-04)     0.10405341      9.4      1.0 29192.12 29512.43 29598.21 
   60   -21.52850574 (2.63e-04)     0.22644619      7.7      1.0 30014.38 30230.75 30316.25 
   61   -21.52853504 (2.63e-04)     0.13998967      7.8      1.0 30780.79 31034.62 31120.09 
   62   -21.52854843 (2.91e-04)     0.10388886      9.5      1.0 31584.31 31732.38 31817.84 
   63   -21.52810095 (3.02e-04)     0.13838242     10.1      1.0 32234.64 32484.57 32570.31 
   64   -21.52878764 (2.43e-04)     0.06018989      6.7      1.0 32947.97 33164.58 33250.01 
   65   -21.52897532 (2.36e-04)     0.06513704      6.4      1.0 33775.50 34033.66 34119.17 
   66   -21.52895323 (2.35e-04)     0.09282063      6.4      1.0 34726.19 35221.02 35306.55 
   67   -21.52855216 (2.50e-04)     0.10915546      7.0      1.0 35914.75 36233.94 36319.52 
   68   -21.52858307 (2.51e-04)     0.09337800      7.2      1.0 36846.25 37136.33 37221.85 
   69   -21.52880833 (2.39e-04)     0.08058246      6.5      1.0 37747.48 37869.20 37954.73 
   70   -21.52894904 (2.60e-04)     0.12561709      7.7      1.0 38480.22 38709.92 38795.40 
   71   -21.52946638 (2.39e-04)     0.12987012      6.6      1.0 39260.87 39499.46 39585.32 
   72   -21.52889846 (2.50e-04)     0.08200438      7.2      1.0 40109.19 40308.56 40394.17 
   73   -21.52927222 (2.58e-04)     0.05447944      7.6      1.0 40920.20 41194.20 41279.71 
   74   -21.52874155 (2.71e-04)     0.11228381      8.4      1.0 41744.18 41890.84 41976.28 
   75   -21.52913230 (2.31e-04)     0.13816256      6.2      1.0 42440.37 42709.37 42795.36 
   76   -21.52878455 (2.48e-04)     0.07951481      7.0      1.0 43404.44 43581.88 43667.54 
   77   -21.52916392 (2.50e-04)     0.31138477      7.2      1.0 44192.83 44375.73 44461.27 
   78   -21.52930713 (2.34e-04)     0.10691001      6.3      1.0 44989.20 45232.23 45317.81 
   79   -21.52787443 (3.22e-04)     0.07137450     11.7      1.0 45924.29 46347.79 46433.46 
   80   -21.52911885 (2.46e-04)     0.24039124      7.0      1.0 46754.85 46907.36 46992.61 
   81   -21.52880029 (2.44e-04)     0.07005013      6.9      1.0 47518.72 47779.12 47864.89 
   82   -21.52902397 (2.33e-04)     0.08561256      6.3      1.0 48391.32 48651.13 48736.91 
   83   -21.52908722 (2.59e-04)     0.27452589      7.7      1.0 49343.11 49539.02 49624.78 
   84   -21.52892149 (2.40e-04)     0.07426602      6.7      1.0 50089.74 50262.77 50348.66 
   85   -21.52905735 (2.59e-04)     0.05447424      7.8      1.0 50872.98 51011.30 51096.86 
   86   -21.52955654 (2.35e-04)     0.05676096      6.5      1.0 51562.06 51899.89 51985.31 
   87   -21.52929528 (2.42e-04)     0.12899071      6.8      1.0 52592.44 52947.98 53033.67 
   88   -21.52903979 (2.29e-04)     0.08897830      6.1      1.0 53558.69 53666.17 53751.70 
   89   -21.52931900 (2.19e-04)     0.17642149      5.6      1.0 54356.79 54497.94 54583.82 
   90   -21.52861495 (2.40e-04)     0.06233104      6.7      1.0 55189.85 55580.90 55666.33 
   91   -21.52866113 (2.70e-04)     0.16728158      8.3      1.0 56193.65 56545.21 56630.77 
   92   -21.52883631 (2.71e-04)     0.06647735      8.4      1.0 57095.20 57284.21 57369.57 
   93   -21.52885854 (2.36e-04)     0.08342945      6.4      1.0 57834.25 58117.29 58202.70 
   94   -21.52920487 (2.69e-04)     0.09427007      8.3      1.0 58809.64 58933.34 59019.00 
   95   -21.52919414 (2.42e-04)     0.13995886      6.8      1.0 59483.81 59604.05 59689.99 
   96   -21.52938542 (2.66e-04)     0.10898757      8.1      1.0 60213.31 60489.57 60575.43 
   97   -21.52938330 (2.63e-04)     0.07125522      8.0      1.0 61039.35 61255.20 61341.29 
   98   -21.52929074 (2.45e-04)     0.06573066      7.0      1.0 61803.28 61937.40 62023.10 
   99   -21.52885701 (3.04e-04)     0.05219295     10.5      1.0 62546.89 62807.95 62893.17 
  100   -21.52930706 (2.30e-04)     0.12546944      6.1      1.0 63241.79 63389.40 63474.81 
  101   -21.52906105 (3.37e-04)     0.08942084     13.1      1.0 64082.07 64313.50 64399.05 
  102   -21.52893561 (2.78e-04)     0.11976991      8.8      1.0 64698.48 64840.64 64926.21 
  103   -21.52950684 (2.27e-04)     0.08374567      6.0      1.0 65344.29 65571.17 65656.54 
  104   -21.52887722 (2.42e-04)     0.12688687      6.8      1.0 66265.56 66441.88 66527.34 
  105   -21.52907803 (2.47e-04)     0.10596880      7.1      1.0 67053.21 67328.23 67413.58 
  106   -21.52924957 (2.60e-04)     0.06511454      7.7      1.0 67938.88 68275.65 68361.52 
  107   -21.52930556 (2.55e-04)     0.08359882      7.5      1.0 68826.88 69041.82 69127.57 
  108   -21.52930028 (2.69e-04)     0.07177926      8.4      1.0 69654.60 69775.45 69860.73 
  109   -21.52937083 (2.36e-04)     0.08792271      6.5      1.0 70325.47 70538.91 70624.11 
  110   -21.52924233 (2.40e-04)     0.07714071      6.7      1.0 71231.84 71588.25 71673.61 
  111   -21.52861408 (3.45e-04)     0.23231332     13.5      1.0 72200.41 72338.73 72425.18 
  112   -21.52915328 (2.57e-04)     0.21849859      7.7      1.0 72725.16 72774.49 72859.95 
  113   -21.52893557 (2.90e-04)     0.09980285      9.7      1.0 73323.79 73498.26 73583.40 
  114   -21.52928799 (2.29e-04)     0.07911386      6.2      1.0 73961.85 74091.91 74177.21 
  115   -21.52903451 (2.45e-04)     0.04227094      6.9      1.0 74783.06 75064.91 75150.21 
  116   -21.52914668 (2.98e-04)     0.20412573     10.2      1.0 75677.14 75905.71 75990.90 
  117   -21.52891959 (2.80e-04)     0.07055880      9.1      1.0 76369.67 76574.39 76659.48 
  118   -21.52903211 (2.50e-04)     0.09999228      7.2      1.0 77073.83 77263.77 77349.08 
  119   -21.52930071 (2.35e-04)     0.07827741      6.4      1.0 77875.65 78073.28 78158.41 
  120   -21.52946785 (2.28e-04)     0.09678981      6.0      1.0 78767.75 79102.31 79187.48 
  121   -21.52956272 (2.34e-04)     0.12484618      6.4      1.0 79793.74 79951.93 80037.26 
  122   -21.52918220 (2.46e-04)     0.10069552      7.0      1.0 80645.59 80982.83 81068.19 
  123   -21.52875729 (2.59e-04)     0.12815033      7.7      1.0 81594.33 81746.51 81831.82 
  124   -21.52898857 (2.76e-04)     0.20798826      8.7      1.0 82295.70 82575.36 82660.59 
  125   -21.52955324 (2.38e-04)     0.07962269      6.6      1.0 83078.96 83209.90 83295.89 
  126   -21.52869995 (2.72e-04)     0.11460622      8.5      1.0 83822.59 84006.03 84092.04 
  127   -21.52903371 (2.51e-04)     0.14827487      7.3      1.0 84509.33 84641.23 84726.92 
  128   -21.52908800 (2.74e-04)     0.11220350      8.6      1.0 85253.97 85528.69 85614.19 
  129   -21.52936283 (2.78e-04)     0.08944896      8.9      1.0 86033.16 86283.46 86368.78 
