JastrowSlater
ghf
complex

maxIter 175
stochasticIter 55000
epsilon 1.e-6
seed 1

#printopt
lm
direct
stepsizes 0.1 0.01 0.05 0.5 1.0
hDiagShift 0.1
decay 0.65
dTol 1.e-3
cgTol 1.e-2
cgIter 20
CorrSampleFrac 0.35
sgdIter 25

    0   -26.26816754 (2.06e-03)     0.27168618     14.9      1.0   104.89   104.89   104.89 
    1   -26.11820449 (2.77e-03)     1.27222518     25.0      1.0   209.89   209.89   209.89 
    2   -26.22775814 (2.81e-03)     0.97109210     26.6      1.0   314.49   314.49   314.49 
    3   -26.20725055 (3.76e-03)     1.10528283     43.4      1.0   419.48   419.48   419.48 
    4   -26.30231422 (2.80e-03)     0.80588756     30.1      1.0   524.21   524.21   524.21 
    5   -26.35112659 (3.17e-03)     0.48487413     43.5      1.0   629.00   629.00   629.00 
    6   -26.34746758 (3.38e-03)     0.64353660     50.3      1.0   738.73   738.73   738.73 
    7   -26.39106364 (3.29e-03)     0.52783705     50.8      1.0   843.48   843.48   843.48 
    8   -26.42536317 (2.97e-03)     0.63569623     43.4      1.0   949.57   949.57   949.57 
    9   -26.47571096 (2.47e-03)     0.40078803     34.9      1.0  1054.38  1054.38  1054.38 
   10   -26.49615539 (2.49e-03)     0.43708703     37.5      1.0  1160.70  1160.70  1160.70 
   11   -26.52157481 (2.37e-03)     0.36803375     35.7      1.0  1265.47  1265.47  1265.47 
   12   -26.54070035 (2.15e-03)     0.39911115     30.8      1.0  1370.25  1370.25  1370.25 
   13   -26.56684333 (1.92e-03)     0.39399913     26.8      1.0  1475.24  1475.24  1475.24 
   14   -26.59639235 (1.78e-03)     0.27869858     25.7      1.0  1580.35  1580.35  1580.35 
   15   -26.60755512 (1.73e-03)     0.30605120     25.4      1.0  1685.01  1685.01  1685.01 
   16   -26.62216254 (1.75e-03)     0.29802535     27.5      1.0  1789.71  1789.71  1789.71 
   17   -26.63708598 (1.61e-03)     0.25856592     24.7      1.0  1894.21  1894.21  1894.21 
   18   -26.64641793 (1.61e-03)     0.26893123     25.7      1.0  1998.52  1998.52  1998.52 
   19   -26.65882037 (1.62e-03)     0.25458502     27.5      1.0  2102.97  2102.97  2102.97 
   20   -26.67164406 (1.49e-03)     0.21040970     25.2      1.0  2207.81  2207.81  2207.81 
   21   -26.67928764 (1.40e-03)     0.23056881     23.4      1.0  2312.58  2312.58  2312.58 
   22   -26.69129989 (1.40e-03)     0.20570687     24.7      1.0  2416.61  2416.61  2416.61 
   23   -26.69883979 (1.35e-03)     0.18760185     24.0      1.0  2520.59  2520.59  2520.59 
   24   -26.70226170 (1.45e-03)     0.19508788     28.7      1.0  2624.88  2624.88  2624.89 
   25   -26.71296902 (1.29e-03)     0.24251876     24.1      1.0  3011.54  3143.17  3309.06 
   26   -26.75001910 (1.08e-03)     0.18483604     22.1      1.0  3759.91  3999.37  4165.30 
   27   -26.78140246 (9.97e-04)     0.17159008     23.6      1.0  4651.91  4897.70  5063.11 
   28   -26.80067525 (9.48e-04)     0.15218804     25.4      1.0  5515.34  5763.16  5929.63 
   29   -26.82396892 (9.11e-04)     0.15551265     28.3      1.0  6363.97  6582.22  6747.86 
   30   -26.83840429 (8.98e-04)     0.14756768     30.9      1.0  7147.14  7390.66  7556.69 
   31   -26.84820563 (8.55e-04)     0.17750208     30.3      1.0  7923.78  8127.14  8295.11 
   32   -26.86061589 (7.19e-04)     0.14662431     26.3      1.0  8671.88  8862.96  9029.42 
   33   -26.86651272 (7.29e-04)     0.12042997     29.0      1.0  9450.33  9702.25  9867.84 
   34   -26.87542329 (6.43e-04)     0.11473270     25.9      1.0 10254.25 10564.96 10732.75 
   35   -26.87895187 (6.72e-04)     0.15670056     28.8      1.0 11154.35 11522.95 11688.89 
   36   -26.88563973 (6.03e-04)     0.22158768     25.8      1.0 12073.75 12346.21 12513.43 
   37   -26.88610939 (7.48e-04)     0.16464721     38.3      1.0 12932.50 13330.05 13495.92 
   38   -26.88897524 (8.78e-04)     0.14407275     53.0      1.0 13809.14 13992.24 14158.08 
   39   -26.89265591 (6.67e-04)     0.17777293     34.7      1.0 14405.11 14514.43 14681.05 
   40   -26.89210888 (7.16e-04)     0.12895253     38.5      1.0 15013.74 15172.11 15337.99 
   41   -26.89344473 (7.23e-04)     0.13866486     40.7      1.0 15650.91 15965.54 16132.63 
   42   -26.89510659 (6.30e-04)     0.12207290     32.6      1.0 16428.78 16685.07 16851.29 
   43   -26.89712536 (5.62e-04)     0.11630900     27.1      1.0 17199.80 17392.16 17559.71 
   44   -26.89693904 (6.01e-04)     0.17680660     30.9      1.0 17968.81 18310.33 18476.84 
   45   -26.89826720 (5.94e-04)     0.15908456     30.7      1.0 18843.85 19057.09 19223.63 
   46   -26.89948068 (5.29e-04)     0.09784663     25.2      1.0 19589.40 19828.85 19996.21 
   47   -26.89938320 (6.17e-04)     0.11263047     33.3      1.0 20431.46 20651.06 20817.18 
   48   -26.90024187 (5.58e-04)     0.10713955     28.4      1.0 21166.92 21341.25 21508.26 
   49   -26.90057071 (4.86e-04)     0.11800017     22.1      1.0 21904.09 22087.52 22254.03 
   50   -26.90109746 (4.57e-04)     0.13456525     20.1      1.0 22738.15 22932.72 23098.74 
   51   -26.90170061 (4.71e-04)     0.10491537     21.6      1.0 23624.81 23919.68 24086.09 
   52   -26.90223435 (5.04e-04)     0.09939131     24.6      1.0 24571.88 24792.22 24958.12 
   53   -26.90295964 (4.54e-04)     0.07569821     20.7      1.0 25392.91 25779.88 25946.33 
   54   -26.90441682 (4.80e-04)     0.08177518     23.9      1.0 26452.39 26705.82 26872.61 
   55   -26.90444682 (4.06e-04)     0.08803776     17.3      1.0 27323.79 27448.87 27615.04 
   56   -26.90476269 (3.84e-04)     0.07167117     15.7      1.0 28220.88 28484.06 28651.76 
   57   -26.90486884 (4.19e-04)     0.07170590     18.5      1.0 29290.36 29687.06 29853.38 
   58   -26.90480240 (4.15e-04)     0.08393255     18.3      1.0 30406.42 30948.74 31115.07 
   59   -26.90621881 (3.58e-04)     0.06742215     14.1      1.0 31690.32 31986.11 32152.77 
   60   -26.90573921 (4.04e-04)     0.08001057     17.5      1.0 32871.47 33168.75 33334.63 
   61   -26.90593619 (3.90e-04)     0.07737828     16.8      1.0 33911.95 34164.06 34331.64 
   62   -26.90618180 (3.89e-04)     0.10331805     16.7      1.0 34938.56 35203.47 35369.18 
   63   -26.90673204 (3.46e-04)     0.07883661     13.3      1.0 35976.52 36210.29 36376.13 
   64   -26.90568384 (3.98e-04)     0.06773608     17.4      1.0 37145.69 37744.61 37911.18 
   65   -26.90658554 (3.73e-04)     0.08641954     15.5      1.0 38517.36 38781.74 38949.04 
   66   -26.90696844 (3.85e-04)     0.06190408     16.9      1.0 39625.09 39780.61 39947.52 
   67   -26.90726874 (3.40e-04)     0.12058889     13.3      1.0 40552.85 40755.64 40921.87 
   68   -26.90734790 (3.38e-04)     0.06330653     13.2      1.0 41694.95 41996.01 42162.73 
   69   -26.90786556 (3.50e-04)     0.05463526     14.2      1.0 42932.59 43328.87 43496.28 
   70   -26.90798098 (3.09e-04)     0.04411626     11.3      1.0 44215.81 44588.60 44755.85 
   71   -26.90743639 (3.48e-04)     0.07138918     13.9      1.0 45653.75 46007.39 46175.15 
   72   -26.90753036 (3.46e-04)     0.05759760     13.9      1.0 46894.15 47244.54 47412.90 
   73   -26.90769124 (3.17e-04)     0.06108232     11.7      1.0 48132.75 48564.84 48731.94 
   74   -26.90826601 (3.38e-04)     0.06155466     13.5      1.0 49561.81 49970.83 50137.58 
   75   -26.90774799 (3.13e-04)     0.05367715     11.6      1.0 50907.86 51625.23 51791.74 
   76   -26.90792409 (3.41e-04)     0.06435779     13.6      1.0 52620.75 53247.84 53415.65 
   77   -26.90858499 (3.21e-04)     0.06566925     12.2      1.0 54135.12 54380.15 54547.39 
   78   -26.90845711 (3.02e-04)     0.05714169     10.9      1.0 55374.84 55889.36 56056.20 
   79   -26.90836128 (3.25e-04)     0.06186761     12.6      1.0 56954.89 57278.06 57444.11 
   80   -26.90856104 (2.97e-04)     0.05983383     10.6      1.0 58213.78 58555.26 58721.46 
   81   -26.90787911 (3.28e-04)     0.07019134     12.6      1.0 59621.78 60067.20 60232.93 
   82   -26.90844225 (3.10e-04)     0.06242008     11.4      1.0 61008.00 61389.08 61555.53 
   83   -26.90843931 (3.31e-04)     0.06560452     13.0      1.0 62450.90 62828.60 62995.47 
   84   -26.90871267 (3.20e-04)     0.06706687     12.2      1.0 63765.82 64142.33 64308.82 
   85   -26.90841640 (3.05e-04)     0.05867415     11.2      1.0 65138.20 65484.72 65651.02 
   86   -26.90864824 (3.14e-04)     0.06676374     11.8      1.0 66550.63 66879.15 67045.34 
   87   -26.90846737 (3.10e-04)     0.05590045     11.5      1.0 67873.09 68301.99 68468.26 
   88   -26.90905008 (3.04e-04)     0.06051696     11.1      1.0 69366.28 69859.52 70026.23 
   89   -26.90990209 (2.77e-04)     0.04722626      9.5      1.0 70926.07 71416.16 71582.03 
   90   -26.90834618 (3.21e-04)     0.05480647     12.3      1.0 72665.76 73379.55 73546.49 
   91   -26.90905042 (2.87e-04)     0.05050110     10.1      1.0 74374.82 74655.24 74821.70 
   92   -26.90873176 (3.23e-04)     0.06108347     12.4      1.0 75800.44 76598.63 76764.79 
   93   -26.90870756 (2.90e-04)     0.07569329     10.1      1.0 77591.83 77851.08 78017.91 
   94   -26.90896104 (3.05e-04)     0.09193113     11.0      1.0 78996.77 79741.23 79908.85 
   95   -26.90891997 (2.87e-04)     0.06771698     10.0      1.0 80802.74 81554.09 81721.17 
   96   -26.90898759 (2.82e-04)     0.07187932      9.7      1.0 82703.37 83243.62 83410.34 
   97   -26.90979389 (2.91e-04)     0.05865688     10.4      1.0 84391.18 84748.98 84916.93 
   98   -26.90917825 (3.03e-04)     0.07228015     11.2      1.0 85896.93 86206.56 86372.81 
   99   -26.90956465 (2.95e-04)     0.05524565     10.6      1.0 87269.73 87809.34 87976.57 
  100   -26.90980055 (2.89e-04)     0.04876805     10.3      1.0 88874.08 89483.61 89650.76 
  101   -26.90964273 (2.95e-04)     0.06640501     10.6      1.0 90630.31 91145.78 91312.95 
  102   -26.90969488 (2.90e-04)     0.06320527     10.3      1.0 92211.83 92589.14 92755.19 
  103   -26.90990287 (2.82e-04)     0.31088287      9.9      1.0 93734.20 94147.32 94313.86 
  104   -26.90975751 (2.86e-04)     0.05440739     10.1      1.0 95294.92 95784.05 95950.49 
  105   -26.90902574 (2.90e-04)     0.05028695     10.4      1.0 96930.03 97364.52 97531.81 
  106   -26.90973619 (2.62e-04)     0.09618550      8.6      1.0 98514.00 99184.46 99352.08 
  107   -26.90918305 (3.09e-04)     0.06177131     11.6      1.0 100432.45 100885.81 101052.09 
  108   -26.91016494 (2.72e-04)     0.15722320      9.2      1.0 101883.29 102317.36 102483.23 
  109   -26.90991880 (2.84e-04)     0.09210982     10.0      1.0 103562.10 104019.14 104185.89 
  110   -26.90947238 (3.01e-04)     0.05168528     11.1      1.0 105166.31 105650.34 105816.75 
  111   -26.90989268 (2.80e-04)     0.07762737      9.7      1.0 106715.47 107118.91 107285.51 
  112   -26.90926749 (2.98e-04)     0.07053162     10.9      1.0 108266.03 108623.96 108790.36 
  113   -26.90930278 (3.22e-04)     0.06424686     12.6      1.0 109691.10 110069.36 110237.07 
  114   -26.90947875 (2.75e-04)     0.04889916      9.4      1.0 111008.20 111346.20 111512.32 
  115   -26.90994309 (2.92e-04)     0.07750560     10.6      1.0 112589.18 113037.46 113204.48 
  116   -26.90948948 (3.10e-04)     0.08412731     11.7      1.0 114103.70 114338.38 114504.70 
  117   -26.90970509 (2.61e-04)     0.06251841      8.5      1.0 115333.59 115787.41 115953.88 
  118   -26.91010641 (2.80e-04)     0.05239200      9.8      1.0 117034.12 117687.82 117854.21 
  119   -26.90975885 (2.95e-04)     0.07116706     10.8      1.0 118835.40 119374.83 119542.69 
  120   -26.90984783 (2.83e-04)     0.05209891      9.8      1.0 120441.54 121213.77 121380.43 
  121   -26.90974534 (2.65e-04)     0.06172596      8.8      1.0 122364.39 122754.34 122920.87 
  122   -26.91017300 (2.72e-04)     0.04908696      9.2      1.0 124003.13 124315.98 124482.34 
