JastrowSlater
ghf
complex

maxIter 100
stochasticIter 20000
epsilon 1.e-6
seed 1

#printOpt
lm
direct
stepsizes 0.1 0.01 0.05 0.5 1.0
hDiagShift 0.1
decay 0.65
dTol 1.e-3
cgTol 1.e-2
cgIter 20
CorrSampleFrac 0.35
sgdIter 10


#restart

    0   -15.80800207 (3.25e-03)     0.27698960     11.4      1.0    17.07    17.07    17.07 
    1   -15.79350614 (3.37e-03)     0.43262896     13.1      1.0    34.47    34.47    34.47 
    2   -15.82885429 (3.40e-03)     0.32629354     14.5      1.0    52.03    52.03    52.03 
    3   -15.82889785 (3.55e-03)     0.42918625     15.6      1.0    69.42    69.42    69.42 
    4   -15.86692489 (3.11e-03)     0.28093737     14.5      1.0    87.11    87.11    87.11 
    5   -15.88282168 (3.15e-03)     0.27550684     16.7      1.0   104.62   104.62   104.62 
    6   -15.90050647 (3.00e-03)     0.34475113     16.3      1.0   122.18   122.18   122.18 
    7   -15.92337194 (2.79e-03)     0.25899550     15.4      1.0   139.80   139.80   139.80 
    8   -15.95123306 (2.41e-03)     0.20228736     12.4      1.0   157.22   157.22   157.22 
    9   -15.94909804 (2.56e-03)     0.29214177     14.1      1.0   175.06   175.06   175.06 
   10   -15.96420003 (2.37e-03)     0.28868945     13.2      1.0   242.50   262.10   290.78 
   11   -16.03811968 (1.60e-03)     0.14764105     11.1      1.0   363.01   374.42   403.27 
   12   -16.07231202 (1.29e-03)     0.12713702     10.7      1.0   485.31   515.66   544.19 
   13   -16.09310670 (1.06e-03)     0.11227018      9.6      1.0   626.58   670.66   699.57 
   14   -16.10984172 (9.49e-04)     0.14637318      9.9      1.0   788.74   830.07   859.45 
   15   -16.11952315 (8.12e-04)     0.08658168      8.7      1.0   949.06   977.52  1006.56 
   16   -16.12742392 (6.96e-04)     0.07029322      7.7      1.0  1104.64  1153.91  1182.87 
   17   -16.13366160 (7.05e-04)     0.07872674      9.6      1.0  1291.07  1358.69  1387.50 
   18   -16.13700980 (5.76e-04)     0.11463409      7.4      1.0  1477.21  1515.67  1544.62 
   19   -16.13778832 (5.49e-04)     0.05895393      7.0      1.0  1665.91  1743.72  1772.69 
   20   -16.14056304 (7.68e-04)     0.06940936     14.6      1.0  1894.08  1932.12  1961.08 
   21   -16.14200946 (6.50e-04)     0.12199666     11.2      1.0  2026.16  2063.73  2092.85 
   22   -16.14252933 (6.36e-04)     0.08010343     11.1      1.0  2175.63  2213.23  2242.22 
   23   -16.14364324 (5.38e-04)     0.07411051      8.5      1.0  2325.13  2396.04  2425.24 
   24   -16.14365341 (5.64e-04)     0.05301244      9.5      1.0  2533.32  2632.70  2661.55 
   25   -16.14557980 (3.96e-04)     0.04675523      5.2      1.0  2759.39  2779.95  2808.85 
   26   -16.14563880 (4.10e-04)     0.03974314      5.8      1.0  2973.89  3023.37  3052.28 
   27   -16.14530338 (5.58e-04)     0.04876769     10.4      1.0  3191.71  3216.84  3246.16 
   28   -16.14638730 (4.93e-04)     0.28853709      8.4      1.0  3336.11  3394.55  3423.54 
   29   -16.14691772 (4.12e-04)     0.04107005      6.1      1.0  3532.00  3554.23  3583.15 
   30   -16.14711587 (4.33e-04)     0.04367616      6.6      1.0  3722.38  3804.42  3833.60 
   31   -16.14599467 (4.58e-04)     0.04391252      7.3      1.0  3954.78  4014.69  4043.66 
   32   -16.14758070 (3.92e-04)     0.04128540      5.7      1.0  4165.75  4205.48  4234.36 
   33   -16.14602899 (5.77e-04)     0.11766198     11.6      1.0  4373.97  4433.13  4462.17 
   34   -16.14739289 (4.25e-04)     0.04474864      6.7      1.0  4539.33  4603.72  4632.68 
   35   -16.14789020 (3.16e-04)     0.02877947      3.8      1.0  4754.40  4781.61  4810.46 
   36   -16.14740588 (4.37e-04)     0.06709812      6.9      1.0  5013.84  5068.78  5097.78 
   37   -16.14773856 (4.22e-04)     0.03602653      6.6      1.0  5219.61  5308.27  5337.23 
   38   -16.14785051 (3.71e-04)     0.05466037      5.2      1.0  5458.94  5566.63  5595.49 
   39   -16.14761962 (3.71e-04)     0.13617809      5.2      1.0  5760.33  5865.30  5894.28 
   40   -16.14815413 (3.49e-04)     0.03878243      4.7      1.0  6059.18  6083.67  6112.62 
   41   -16.14805294 (3.93e-04)     0.03749282      6.0      1.0  6277.77  6304.22  6333.18 
   42   -16.14781327 (3.88e-04)     0.04567932      5.7      1.0  6473.10  6509.04  6538.28 
   43   -16.14803267 (4.25e-04)     0.05219206      6.8      1.0  6678.49  6712.28  6741.18 
   44   -16.14798427 (3.43e-04)     0.03823568      4.6      1.0  6862.83  6909.23  6938.15 
   45   -16.14813245 (3.76e-04)     0.03027242      5.5      1.0  7102.67  7148.05  7176.96 
   46   -16.14787360 (3.74e-04)     0.04823880      5.5      1.0  7316.34  7341.66  7370.49 
   47   -16.14853461 (3.28e-04)     0.03524128      4.3      1.0  7510.52  7545.86  7574.73 
   48   -16.14793176 (3.93e-04)     0.04762168      5.8      1.0  7777.57  7823.55  7852.52 
   49   -16.14810689 (3.31e-04)     0.03644864      4.2      1.0  7992.41  8015.05  8044.33 
   50   -16.14747367 (4.76e-04)     0.06389615      8.4      1.0  8247.10  8267.74  8296.68 
   51   -16.14744664 (3.67e-04)     0.07720978      5.2      1.0  8404.75  8440.58  8469.56 
   52   -16.14821660 (3.96e-04)     0.06045003      6.0      1.0  8633.34  8722.58  8751.53 
   53   -16.14790963 (4.09e-04)     0.04131686      6.5      1.0  8890.59  8929.93  8959.10 
   54   -16.14786517 (4.10e-04)     0.05199516      6.4      1.0  9079.99  9199.27  9228.21 
   55   -16.14755522 (4.17e-04)     0.03894812      6.6      1.0  9367.50  9406.56  9435.53 
   56   -16.14825561 (3.12e-04)     0.04330953      3.9      1.0  9556.94  9599.90  9628.82 
   57   -16.14858503 (3.62e-04)     0.02957454      5.2      1.0  9830.95  9870.90  9899.90 
   58   -16.14828237 (3.64e-04)     0.04267929      5.2      1.0 10063.42 10113.35 10142.61 
   59   -16.14861531 (3.27e-04)     0.03263270      4.4      1.0 10306.58 10339.41 10368.22 
   60   -16.14847310 (3.41e-04)     0.03056258      4.6      1.0 10570.50 10607.14 10636.07 
   61   -16.14878387 (3.40e-04)     0.06273281      4.6      1.0 10799.68 10893.45 10922.38 
   62   -16.14839351 (3.23e-04)     0.03426831      4.2      1.0 11086.19 11099.09 11127.94 
   63   -16.14867121 (3.07e-04)     0.03327243      3.9      1.0 11330.25 11420.09 11449.00 
   64   -16.14808437 (4.39e-04)     0.03472403      7.5      1.0 11651.66 11684.73 11713.54 
   65   -16.14919619 (3.06e-04)     0.03936284      3.8      1.0 11820.74 11849.99 11878.92 
   66   -16.14807514 (3.61e-04)     0.02965363      5.2      1.0 12081.73 12127.67 12156.52 
   67   -16.14850029 (3.16e-04)     0.03409143      4.1      1.0 12320.80 12353.37 12382.20 
   68   -16.14762793 (4.43e-04)     0.04472092      7.5      1.0 12585.00 12613.12 12641.99 
   69   -16.14875729 (3.08e-04)     0.05344677      3.9      1.0 12762.71 12800.74 12829.56 
   70   -16.14828568 (3.06e-04)     0.03166341      3.8      1.0 13032.32 13053.92 13082.83 
   71   -16.14856149 (3.03e-04)     0.02710363      3.7      1.0 13285.59 13326.59 13355.35 
   72   -16.14910875 (3.07e-04)     0.02564713      3.9      1.0 13557.72 13571.61 13600.54 
   73   -16.14866852 (3.61e-04)     0.03242313      5.3      1.0 13803.21 13820.74 13849.73 
   74   -16.14905629 (3.13e-04)     0.02135100      4.0      1.0 14013.58 14023.87 14052.71 
   75   -16.14850660 (3.43e-04)     0.02971067      4.8      1.0 14255.05 14353.64 14382.74 
   76   -16.14828135 (3.40e-04)     0.02968460      4.7      1.0 14546.80 14580.92 14609.77 
   77   -16.14843292 (3.63e-04)     0.02879759      5.2      1.0 14773.82 14816.69 14845.56 
   78   -16.14810433 (3.37e-04)     0.02581938      4.6      1.0 15009.78 15038.36 15067.22 
   79   -16.14847103 (3.43e-04)     0.02094513      4.8      1.0 15231.46 15246.21 15275.08 
   80   -16.14911777 (3.34e-04)     0.02236884      4.7      1.0 15438.66 15503.24 15532.02 
   81   -16.14866318 (3.13e-04)     0.02580224      4.0      1.0 15696.10 15729.13 15758.07 
   82   -16.14753116 (4.37e-04)     0.04428034      7.3      1.0 15960.47 16004.30 16033.17 
   83   -16.14860802 (3.32e-04)     0.05195396      4.4      1.0 16154.26 16254.62 16283.47 
   84   -16.14899846 (2.95e-04)     0.03199007      3.5      1.0 16485.83 16565.78 16594.68 
   85   -16.14864283 (3.06e-04)     0.03340767      3.8      1.0 16862.45 16967.64 16996.51 
   86   -16.14847103 (3.91e-04)     0.04549390      6.1      1.0 17200.07 17260.71 17289.65 
   87   -16.14860351 (3.31e-04)     0.03208020      4.5      1.0 17428.84 17440.96 17469.96 
   88   -16.14904544 (3.85e-04)     0.02471146      5.9      1.0 17672.70 17693.72 17722.64 
   89   -16.14901314 (3.68e-04)     0.03532713      5.4      1.0 17861.19 17928.53 17957.46 
   90   -16.14827427 (4.13e-04)     0.03689554      6.7      1.0 18121.30 18165.89 18194.88 
   91   -16.14874806 (3.24e-04)     0.02726982      4.3      1.0 18316.07 18346.25 18375.20 
   92   -16.14893927 (3.00e-04)     0.03519961      3.7      1.0 18577.84 18615.57 18644.50 
   93   -16.14921171 (2.93e-04)     0.02242394      3.6      1.0 18847.45 18879.85 18908.88 
   94   -16.14912987 (3.03e-04)     0.02599596      3.8      1.0 19111.51 19171.94 19200.96 
   95   -16.14891343 (3.57e-04)     0.02651811      5.3      1.0 19403.74 19416.65 19445.80 
   96   -16.14903844 (3.02e-04)     0.03019425      3.8      1.0 19610.23 19623.09 19652.12 
   97   -16.14887609 (3.13e-04)     0.02169762      4.0      1.0 19855.40 19887.36 19916.23 
   98   -16.14810483 (3.93e-04)     0.04774460      6.1      1.0 20118.51 20198.61 20227.57 
   99   -16.14881976 (3.13e-04)     0.02969060      4.0      1.0 20367.21 20503.00 20531.85 
